mode: set
github.com/RedHuang-0622/Seele/agent/core/tool/hub/handler.go:24.88,32.16 4 1
github.com/RedHuang-0622/Seele/agent/core/tool/hub/handler.go:32.16,34.3 1 0
github.com/RedHuang-0622/Seele/agent/core/tool/hub/handler.go:36.2,39.23 3 1
github.com/RedHuang-0622/Seele/agent/core/tool/hub/handler.go:39.23,41.3 1 1
github.com/RedHuang-0622/Seele/agent/core/tool/hub/handler.go:43.2,44.28 2 1
github.com/RedHuang-0622/Seele/agent/core/tool/hub/handler.go:44.28,45.19 1 1
github.com/RedHuang-0622/Seele/agent/core/tool/hub/handler.go:45.19,47.12 2 1
github.com/RedHuang-0622/Seele/agent/core/tool/hub/handler.go:49.3,49.36 1 0
github.com/RedHuang-0622/Seele/agent/core/tool/hub/handler.go:49.36,50.23 1 0
github.com/RedHuang-0622/Seele/agent/core/tool/hub/handler.go:51.17,52.35 1 0
github.com/RedHuang-0622/Seele/agent/core/tool/hub/handler.go:52.35,54.6 1 0
github.com/RedHuang-0622/Seele/agent/core/tool/hub/handler.go:55.25,56.61 1 0
github.com/RedHuang-0622/Seele/agent/core/tool/hub/handler.go:56.61,58.6 1 0
github.com/RedHuang-0622/Seele/agent/core/tool/hub/handler.go:63.2,63.38 1 1
github.com/RedHuang-0622/Seele/agent/core/tool/hub/handler.go:63.38,64.34 1 1
github.com/RedHuang-0622/Seele/agent/core/tool/hub/handler.go:64.34,67.4 1 1
github.com/RedHuang-0622/Seele/agent/core/tool/hub/handler.go:68.3,68.100 1 0
github.com/RedHuang-0622/Seele/agent/core/tool/hub/handler.go:71.2,74.39 2 0
github.com/RedHuang-0622/Seele/agent/core/tool/hub/handler.go:77.64,78.23 1 1
github.com/RedHuang-0622/Seele/agent/core/tool/hub/handler.go:78.23,80.3 1 0
github.com/RedHuang-0622/Seele/agent/core/tool/hub/handler.go:81.2,81.28 1 1
github.com/RedHuang-0622/Seele/agent/core/tool/hub/handler.go:81.28,82.43 1 1
github.com/RedHuang-0622/Seele/agent/core/tool/hub/handler.go:82.43,84.4 1 0
github.com/RedHuang-0622/Seele/agent/core/tool/hub/handler.go:86.2,86.13 1 1
github.com/RedHuang-0622/Seele/agent/core/tool/hub/hub.go:30.88,31.16 1 1
github.com/RedHuang-0622/Seele/agent/core/tool/hub/hub.go:31.16,33.3 1 1
github.com/RedHuang-0622/Seele/agent/core/tool/hub/hub.go:34.2,38.8 1 1
github.com/RedHuang-0622/Seele/agent/core/tool/hub/hub.go:41.45,41.66 1 1
github.com/RedHuang-0622/Seele/agent/core/tool/hub/hub.go:45.43,50.2 4 1
github.com/RedHuang-0622/Seele/agent/core/tool/hub/hub.go:52.44,57.2 4 1
github.com/RedHuang-0622/Seele/agent/core/tool/hub/hub.go:61.54,66.24 4 1
github.com/RedHuang-0622/Seele/agent/core/tool/hub/hub.go:66.24,67.33 1 0
github.com/RedHuang-0622/Seele/agent/core/tool/hub/hub.go:67.33,68.12 1 0
github.com/RedHuang-0622/Seele/agent/core/tool/hub/hub.go:70.3,70.45 1 0
github.com/RedHuang-0622/Seele/agent/core/tool/hub/hub.go:70.45,71.12 1 0
github.com/RedHuang-0622/Seele/agent/core/tool/hub/hub.go:73.3,87.5 1 0
github.com/RedHuang-0622/Seele/agent/core/tool/hub/hub.go:89.2,89.15 1 1
github.com/RedHuang-0622/Seele/agent/core/tool/hub/hub.go:94.50,98.24 4 1
github.com/RedHuang-0622/Seele/agent/core/tool/hub/hub.go:98.24,99.33 1 0
github.com/RedHuang-0622/Seele/agent/core/tool/hub/hub.go:99.33,100.12 1 0
github.com/RedHuang-0622/Seele/agent/core/tool/hub/hub.go:102.3,102.45 1 0
github.com/RedHuang-0622/Seele/agent/core/tool/hub/hub.go:102.45,103.12 1 0
github.com/RedHuang-0622/Seele/agent/core/tool/hub/hub.go:105.3,110.5 1 0
github.com/RedHuang-0622/Seele/agent/core/tool/hub/hub.go:112.2,112.15 1 1
github.com/RedHuang-0622/Seele/agent/core/tool/hub/hub.go:117.61,121.27 4 1
github.com/RedHuang-0622/Seele/agent/core/tool/hub/hub.go:121.27,123.3 1 1
github.com/RedHuang-0622/Seele/agent/core/tool/hub/hub.go:124.2,124.13 1 1
github.com/RedHuang-0622/Seele/agent/core/tool/hub/hub.go:128.65,133.23 2 0
github.com/RedHuang-0622/Seele/agent/core/tool/hub/hub.go:133.23,135.3 1 0
github.com/RedHuang-0622/Seele/agent/core/tool/hub/hub.go:136.2,137.67 2 0
github.com/RedHuang-0622/Seele/agent/core/tool/hub/hub.go:137.67,140.3 2 0
github.com/RedHuang-0622/Seele/agent/core/tool/hub/hub.go:141.2,141.40 1 0
github.com/RedHuang-0622/Seele/agent/core/tool/hub/hub.go:141.40,143.3 1 0
github.com/RedHuang-0622/Seele/agent/core/tool/hub/hub.go:145.2,146.46 2 0
github.com/RedHuang-0622/Seele/agent/core/tool/hub/hub.go:146.46,148.3 1 0
github.com/RedHuang-0622/Seele/agent/core/tool/hub/hub.go:150.2,154.28 2 0
github.com/RedHuang-0622/Seele/agent/core/tool/hub/hub.go:154.28,156.3 1 0
github.com/RedHuang-0622/Seele/agent/core/tool/hub/hub.go:157.2,157.15 1 0
github.com/RedHuang-0622/Seele/agent/core/tool/hub/hub.go:160.77,161.17 1 0
github.com/RedHuang-0622/Seele/agent/core/tool/hub/hub.go:161.17,163.3 1 0
github.com/RedHuang-0622/Seele/agent/core/tool/hub/hub.go:164.2,165.24 2 0
github.com/RedHuang-0622/Seele/agent/core/tool/hub/hub.go:165.24,167.3 1 0
github.com/RedHuang-0622/Seele/agent/core/tool/hub/hub.go:168.2,168.21 1 0
github.com/RedHuang-0622/Seele/agent/core/tool/hub/hub.go:168.21,170.3 1 0
github.com/RedHuang-0622/Seele/agent/core/tool/hub/hub.go:171.2,171.21 1 0
github.com/RedHuang-0622/Seele/agent/core/tool/hub/hub.go:171.21,173.3 1 0
github.com/RedHuang-0622/Seele/agent/core/tool/hub/hub.go:174.2,174.25 1 0
github.com/RedHuang-0622/Seele/agent/core/tool/hub/hub.go:174.25,176.3 1 0
github.com/RedHuang-0622/Seele/agent/core/tool/hub/hub.go:177.2,177.62 1 0
github.com/RedHuang-0622/Seele/agent/core/tool/hub/hub.go:177.62,179.31 2 0
github.com/RedHuang-0622/Seele/agent/core/tool/hub/hub.go:179.31,181.4 1 0
github.com/RedHuang-0622/Seele/agent/core/tool/hub/hub.go:182.3,183.29 2 0
github.com/RedHuang-0622/Seele/agent/core/tool/hub/hub.go:183.29,185.4 1 0
github.com/RedHuang-0622/Seele/agent/core/tool/hub/hub.go:187.2,187.60 1 0
github.com/RedHuang-0622/Seele/agent/core/tool/hub/hub.go:187.60,189.3 1 0
github.com/RedHuang-0622/Seele/agent/core/tool/hub/hub.go:190.2,190.10 1 0
github.com/RedHuang-0622/Seele/agent/core/tool/hub/router.go:13.40,13.63 1 1
github.com/RedHuang-0622/Seele/agent/core/tool/hub/router.go:17.42,17.64 1 1
github.com/RedHuang-0622/Seele/agent/core/tool/hub/router.go:19.84,20.16 1 1
github.com/RedHuang-0622/Seele/agent/core/tool/hub/router.go:20.16,22.3 1 1
github.com/RedHuang-0622/Seele/agent/core/tool/hub/router.go:23.2,23.46 1 1
github.com/RedHuang-0622/Seele/agent/core/tool/hub/router.go:23.46,24.29 1 0
github.com/RedHuang-0622/Seele/agent/core/tool/hub/router.go:24.29,28.4 1 0
github.com/RedHuang-0622/Seele/agent/core/tool/hub/router.go:30.2,30.68 1 1
github.com/RedHuang-0622/Seele/agent/core/tool/hub/router.go:33.65,34.29 1 1
github.com/RedHuang-0622/Seele/agent/core/tool/hub/router.go:34.29,35.20 1 1
github.com/RedHuang-0622/Seele/agent/core/tool/hub/router.go:35.20,39.12 3 1
github.com/RedHuang-0622/Seele/agent/core/tool/hub/router.go:41.3,41.37 1 1
github.com/RedHuang-0622/Seele/agent/core/tool/hub/router.go:41.37,42.55 1 1
github.com/RedHuang-0622/Seele/agent/core/tool/hub/router.go:42.55,44.5 1 1
github.com/RedHuang-0622/Seele/agent/core/tool/hub/router.go:49.38,52.26 3 1
github.com/RedHuang-0622/Seele/agent/core/tool/hub/router.go:52.26,54.3 1 0
github.com/RedHuang-0622/Seele/agent/core/tool/hub/router.go:55.2,55.14 1 1
github.com/RedHuang-0622/Seele/agent/core/function/anthropic.go:24.73,25.21 1 1
github.com/RedHuang-0622/Seele/agent/core/function/anthropic.go:25.21,27.3 1 1
github.com/RedHuang-0622/Seele/agent/core/function/anthropic.go:29.2,30.26 2 1
github.com/RedHuang-0622/Seele/agent/core/function/anthropic.go:30.26,32.20 2 1
github.com/RedHuang-0622/Seele/agent/core/function/anthropic.go:32.20,34.4 1 1
github.com/RedHuang-0622/Seele/agent/core/function/anthropic.go:36.3,36.35 1 1
github.com/RedHuang-0622/Seele/agent/core/function/anthropic.go:36.35,38.4 1 1
github.com/RedHuang-0622/Seele/agent/core/function/anthropic.go:40.3,44.5 1 1
github.com/RedHuang-0622/Seele/agent/core/function/anthropic.go:46.2,46.12 1 1
github.com/RedHuang-0622/Seele/agent/core/function/anthropic.go:60.77,62.9 2 1
github.com/RedHuang-0622/Seele/agent/core/function/anthropic.go:62.9,64.3 1 1
github.com/RedHuang-0622/Seele/agent/core/function/anthropic.go:67.2,67.39 1 1
github.com/RedHuang-0622/Seele/agent/core/function/anthropic.go:67.39,69.3 1 1
github.com/RedHuang-0622/Seele/agent/core/function/anthropic.go:71.2,72.49 2 1
github.com/RedHuang-0622/Seele/agent/core/function/anthropic.go:72.49,74.17 2 1
github.com/RedHuang-0622/Seele/agent/core/function/anthropic.go:74.17,76.4 1 1
github.com/RedHuang-0622/Seele/agent/core/function/anthropic.go:79.2,86.3 1 1
github.com/RedHuang-0622/Seele/agent/core/function/anthropic.go:93.13,95.2 1 1
github.com/RedHuang-0622/Seele/agent/core/function/openai.go:14.70,16.2 1 1
github.com/RedHuang-0622/Seele/agent/core/function/openai.go:26.74,28.9 2 1
github.com/RedHuang-0622/Seele/agent/core/function/openai.go:28.9,30.3 1 1
github.com/RedHuang-0622/Seele/agent/core/function/openai.go:32.2,37.58 2 1
github.com/RedHuang-0622/Seele/agent/core/function/openai.go:37.58,40.3 2 1
github.com/RedHuang-0622/Seele/agent/core/function/openai.go:42.2,42.11 1 1
github.com/RedHuang-0622/Seele/agent/core/function/openai.go:47.37,50.2 2 1
github.com/RedHuang-0622/Seele/agent/core/function/openai.go:56.13,58.2 1 1
github.com/RedHuang-0622/Seele/agent/core/function/strategy.go:33.40,36.35 3 1
github.com/RedHuang-0622/Seele/agent/core/function/strategy.go:36.35,37.58 1 1
github.com/RedHuang-0622/Seele/agent/core/function/strategy.go:39.2,39.20 1 1
github.com/RedHuang-0622/Seele/agent/core/function/strategy.go:43.32,47.2 3 1
github.com/RedHuang-0622/Seele/agent/core/function/strategy.go:50.23,54.26 4 1
github.com/RedHuang-0622/Seele/agent/core/function/strategy.go:54.26,56.3 1 1
github.com/RedHuang-0622/Seele/agent/core/function/strategy.go:57.2,57.11 1 1
github.com/RedHuang-0622/Seele/agent/core/tool/schema.go:43.53,45.14 2 1
github.com/RedHuang-0622/Seele/agent/core/tool/schema.go:45.14,47.3 1 0
github.com/RedHuang-0622/Seele/agent/core/tool/schema.go:48.2,48.30 1 1
github.com/RedHuang-0622/Seele/agent/core/tool/schema.go:48.30,50.3 1 0
github.com/RedHuang-0622/Seele/agent/core/tool/schema.go:51.2,51.32 1 1
github.com/RedHuang-0622/Seele/agent/core/tool/schema.go:51.32,53.3 1 0
github.com/RedHuang-0622/Seele/agent/core/tool/schema.go:54.2,54.26 1 1
github.com/RedHuang-0622/Seele/agent/core/tool/schema.go:58.60,62.36 3 1
github.com/RedHuang-0622/Seele/agent/core/tool/schema.go:62.36,64.22 2 1
github.com/RedHuang-0622/Seele/agent/core/tool/schema.go:64.22,65.12 1 0
github.com/RedHuang-0622/Seele/agent/core/tool/schema.go:68.3,70.42 3 1
github.com/RedHuang-0622/Seele/agent/core/tool/schema.go:70.42,72.23 2 1
github.com/RedHuang-0622/Seele/agent/core/tool/schema.go:72.23,73.13 1 1
github.com/RedHuang-0622/Seele/agent/core/tool/schema.go:75.4,75.22 1 1
github.com/RedHuang-0622/Seele/agent/core/tool/schema.go:75.22,77.5 1 1
github.com/RedHuang-0622/Seele/agent/core/tool/schema.go:78.4,78.32 1 1
github.com/RedHuang-0622/Seele/agent/core/tool/schema.go:78.32,79.44 1 1
github.com/RedHuang-0622/Seele/agent/core/tool/schema.go:79.44,81.6 1 1
github.com/RedHuang-0622/Seele/agent/core/tool/schema.go:85.3,86.17 2 1
github.com/RedHuang-0622/Seele/agent/core/tool/schema.go:86.17,88.4 1 1
github.com/RedHuang-0622/Seele/agent/core/tool/schema.go:90.3,91.17 2 1
github.com/RedHuang-0622/Seele/agent/core/tool/schema.go:91.17,93.4 1 1
github.com/RedHuang-0622/Seele/agent/core/tool/schema.go:95.3,95.50 1 1
github.com/RedHuang-0622/Seele/agent/core/tool/schema.go:95.50,98.28 3 1
github.com/RedHuang-0622/Seele/agent/core/tool/schema.go:98.28,99.43 1 1
github.com/RedHuang-0622/Seele/agent/core/tool/schema.go:99.43,101.6 1 1
github.com/RedHuang-0622/Seele/agent/core/tool/schema.go:103.4,103.21 1 1
github.com/RedHuang-0622/Seele/agent/core/tool/schema.go:103.21,105.5 1 1
github.com/RedHuang-0622/Seele/agent/core/tool/schema.go:108.3,108.45 1 1
github.com/RedHuang-0622/Seele/agent/core/tool/schema.go:108.45,110.4 1 1
github.com/RedHuang-0622/Seele/agent/core/tool/schema.go:112.3,114.17 2 1
github.com/RedHuang-0622/Seele/agent/core/tool/schema.go:114.17,116.4 1 1
github.com/RedHuang-0622/Seele/agent/core/tool/schema.go:119.2,123.23 2 1
github.com/RedHuang-0622/Seele/agent/core/tool/schema.go:123.23,125.3 1 1
github.com/RedHuang-0622/Seele/agent/core/tool/schema.go:126.2,126.15 1 1
github.com/RedHuang-0622/Seele/agent/core/tool/schema.go:130.58,131.30 1 1
github.com/RedHuang-0622/Seele/agent/core/tool/schema.go:131.30,133.3 1 1
github.com/RedHuang-0622/Seele/agent/core/tool/schema.go:135.2,135.18 1 1
github.com/RedHuang-0622/Seele/agent/core/tool/schema.go:136.22,137.50 1 1
github.com/RedHuang-0622/Seele/agent/core/tool/schema.go:140.79,141.51 1 1
github.com/RedHuang-0622/Seele/agent/core/tool/schema.go:143.40,144.50 1 0
github.com/RedHuang-0622/Seele/agent/core/tool/schema.go:146.20,147.51 1 0
github.com/RedHuang-0622/Seele/agent/core/tool/schema.go:149.36,153.4 1 1
github.com/RedHuang-0622/Seele/agent/core/tool/schema.go:155.19,156.50 1 0
github.com/RedHuang-0622/Seele/agent/core/tool/schema.go:158.22,159.27 1 1
github.com/RedHuang-0622/Seele/agent/core/tool/schema.go:161.10,162.50 1 0
github.com/RedHuang-0622/Seele/agent/core/tool/schema.go:166.61,168.2 1 0
github.com/RedHuang-0622/Seele/agent/core/tool/schema.go:173.54,175.27 2 1
github.com/RedHuang-0622/Seele/agent/core/tool/schema.go:175.27,177.3 1 1
github.com/RedHuang-0622/Seele/agent/core/tool/schema.go:178.2,181.3 1 1
github.com/RedHuang-0622/Seele/agent/core/tool/builtin/editor.go:19.34,19.58 1 1
github.com/RedHuang-0622/Seele/agent/core/tool/builtin/editor.go:20.44,20.71 1 1
github.com/RedHuang-0622/Seele/agent/core/tool/builtin/editor.go:22.53,80.2 1 1
github.com/RedHuang-0622/Seele/agent/core/tool/builtin/editor.go:90.90,92.65 2 1
github.com/RedHuang-0622/Seele/agent/core/tool/builtin/editor.go:92.65,94.3 1 0
github.com/RedHuang-0622/Seele/agent/core/tool/builtin/editor.go:95.2,95.22 1 1
github.com/RedHuang-0622/Seele/agent/core/tool/builtin/editor.go:95.22,97.3 1 0
github.com/RedHuang-0622/Seele/agent/core/tool/builtin/editor.go:100.2,101.29 2 1
github.com/RedHuang-0622/Seele/agent/core/tool/builtin/editor.go:101.29,102.48 1 1
github.com/RedHuang-0622/Seele/agent/core/tool/builtin/editor.go:102.48,104.4 1 0
github.com/RedHuang-0622/Seele/agent/core/tool/builtin/editor.go:107.2,107.78 1 1
github.com/RedHuang-0622/Seele/agent/core/tool/builtin/editor.go:107.78,109.3 1 0
github.com/RedHuang-0622/Seele/agent/core/tool/builtin/editor.go:111.2,111.96 1 1
github.com/RedHuang-0622/Seele/agent/core/tool/builtin/editor.go:123.89,125.65 2 1
github.com/RedHuang-0622/Seele/agent/core/tool/builtin/editor.go:125.65,127.3 1 0
github.com/RedHuang-0622/Seele/agent/core/tool/builtin/editor.go:128.2,128.47 1 1
github.com/RedHuang-0622/Seele/agent/core/tool/builtin/editor.go:128.47,130.3 1 0
github.com/RedHuang-0622/Seele/agent/core/tool/builtin/editor.go:132.2,133.16 2 1
github.com/RedHuang-0622/Seele/agent/core/tool/builtin/editor.go:133.16,135.3 1 0
github.com/RedHuang-0622/Seele/agent/core/tool/builtin/editor.go:137.2,138.49 2 1
github.com/RedHuang-0622/Seele/agent/core/tool/builtin/editor.go:138.49,140.3 1 0
github.com/RedHuang-0622/Seele/agent/core/tool/builtin/editor.go:143.2,146.75 3 1
github.com/RedHuang-0622/Seele/agent/core/tool/builtin/editor.go:146.75,148.3 1 0
github.com/RedHuang-0622/Seele/agent/core/tool/builtin/editor.go:150.2,150.91 1 1
github.com/RedHuang-0622/Seele/agent/core/tool/builtin/editor.go:161.85,163.65 2 1
github.com/RedHuang-0622/Seele/agent/core/tool/builtin/editor.go:163.65,165.3 1 0
github.com/RedHuang-0622/Seele/agent/core/tool/builtin/editor.go:166.2,166.25 1 1
github.com/RedHuang-0622/Seele/agent/core/tool/builtin/editor.go:166.25,168.3 1 0
github.com/RedHuang-0622/Seele/agent/core/tool/builtin/editor.go:169.2,170.16 2 1
github.com/RedHuang-0622/Seele/agent/core/tool/builtin/editor.go:170.16,172.3 1 0
github.com/RedHuang-0622/Seele/agent/core/tool/builtin/editor.go:176.2,177.82 2 1
github.com/RedHuang-0622/Seele/agent/core/tool/builtin/editor.go:177.82,178.17 1 1
github.com/RedHuang-0622/Seele/agent/core/tool/builtin/editor.go:178.17,180.4 1 0
github.com/RedHuang-0622/Seele/agent/core/tool/builtin/editor.go:181.3,181.10 1 1
github.com/RedHuang-0622/Seele/agent/core/tool/builtin/editor.go:182.21,183.20 1 0
github.com/RedHuang-0622/Seele/agent/core/tool/builtin/editor.go:184.11,184.11 0 1
github.com/RedHuang-0622/Seele/agent/core/tool/builtin/editor.go:187.3,188.17 2 1
github.com/RedHuang-0622/Seele/agent/core/tool/builtin/editor.go:188.17,190.4 1 0
github.com/RedHuang-0622/Seele/agent/core/tool/builtin/editor.go:191.3,191.14 1 1
github.com/RedHuang-0622/Seele/agent/core/tool/builtin/editor.go:191.14,193.4 1 0
github.com/RedHuang-0622/Seele/agent/core/tool/builtin/editor.go:195.3,195.15 1 1
github.com/RedHuang-0622/Seele/agent/core/tool/builtin/editor.go:195.15,197.29 2 1
github.com/RedHuang-0622/Seele/agent/core/tool/builtin/editor.go:197.29,199.5 1 1
github.com/RedHuang-0622/Seele/agent/core/tool/builtin/editor.go:201.3,201.13 1 1
github.com/RedHuang-0622/Seele/agent/core/tool/builtin/editor.go:203.2,203.16 1 1
github.com/RedHuang-0622/Seele/agent/core/tool/builtin/editor.go:203.16,205.3 1 0
github.com/RedHuang-0622/Seele/agent/core/tool/builtin/editor.go:207.2,208.16 2 1
github.com/RedHuang-0622/Seele/agent/core/tool/builtin/editor.go:208.16,210.3 1 0
github.com/RedHuang-0622/Seele/agent/core/tool/builtin/editor.go:211.2,211.25 1 1
github.com/RedHuang-0622/Seele/agent/core/tool/builtin/git.go:18.28,18.49 1 1
github.com/RedHuang-0622/Seele/agent/core/tool/builtin/git.go:19.41,19.65 1 1
github.com/RedHuang-0622/Seele/agent/core/tool/builtin/git.go:21.50,72.2 1 1
github.com/RedHuang-0622/Seele/agent/core/tool/builtin/git.go:90.84,91.18 1 1
github.com/RedHuang-0622/Seele/agent/core/tool/builtin/git.go:92.16,93.26 1 1
github.com/RedHuang-0622/Seele/agent/core/tool/builtin/git.go:94.14,95.34 1 0
github.com/RedHuang-0622/Seele/agent/core/tool/builtin/git.go:96.13,97.33 1 0
github.com/RedHuang-0622/Seele/agent/core/tool/builtin/git.go:98.10,99.60 1 0
github.com/RedHuang-0622/Seele/agent/core/tool/builtin/git.go:103.69,105.16 2 1
github.com/RedHuang-0622/Seele/agent/core/tool/builtin/git.go:105.16,107.3 1 0
github.com/RedHuang-0622/Seele/agent/core/tool/builtin/git.go:108.2,108.34 1 1
github.com/RedHuang-0622/Seele/agent/core/tool/builtin/git.go:108.34,110.3 1 0
github.com/RedHuang-0622/Seele/agent/core/tool/builtin/git.go:112.2,120.29 4 1
github.com/RedHuang-0622/Seele/agent/core/tool/builtin/git.go:120.29,121.20 1 1
github.com/RedHuang-0622/Seele/agent/core/tool/builtin/git.go:121.20,122.12 1 0
github.com/RedHuang-0622/Seele/agent/core/tool/builtin/git.go:124.3,128.5 1 1
github.com/RedHuang-0622/Seele/agent/core/tool/builtin/git.go:131.2,136.23 3 1
github.com/RedHuang-0622/Seele/agent/core/tool/builtin/git.go:139.84,144.18 4 0
github.com/RedHuang-0622/Seele/agent/core/tool/builtin/git.go:144.18,146.3 1 0
github.com/RedHuang-0622/Seele/agent/core/tool/builtin/git.go:147.2,147.22 1 0
github.com/RedHuang-0622/Seele/agent/core/tool/builtin/git.go:147.22,149.3 1 0
github.com/RedHuang-0622/Seele/agent/core/tool/builtin/git.go:151.2,152.16 2 0
github.com/RedHuang-0622/Seele/agent/core/tool/builtin/git.go:152.16,154.3 1 0
github.com/RedHuang-0622/Seele/agent/core/tool/builtin/git.go:155.2,155.34 1 0
github.com/RedHuang-0622/Seele/agent/core/tool/builtin/git.go:155.34,157.3 1 0
github.com/RedHuang-0622/Seele/agent/core/tool/builtin/git.go:158.2,160.23 3 0
github.com/RedHuang-0622/Seele/agent/core/tool/builtin/git.go:163.83,166.22 3 0
github.com/RedHuang-0622/Seele/agent/core/tool/builtin/git.go:166.22,168.3 1 0
github.com/RedHuang-0622/Seele/agent/core/tool/builtin/git.go:170.2,171.24 2 0
github.com/RedHuang-0622/Seele/agent/core/tool/builtin/git.go:171.24,173.3 1 0
github.com/RedHuang-0622/Seele/agent/core/tool/builtin/git.go:175.2,176.16 2 0
github.com/RedHuang-0622/Seele/agent/core/tool/builtin/git.go:176.16,178.3 1 0
github.com/RedHuang-0622/Seele/agent/core/tool/builtin/git.go:179.2,184.23 3 0
github.com/RedHuang-0622/Seele/agent/core/tool/builtin/git.go:187.66,192.34 5 1
github.com/RedHuang-0622/Seele/agent/core/tool/builtin/git.go:192.34,194.3 1 0
github.com/RedHuang-0622/Seele/agent/core/tool/builtin/git.go:195.2,195.29 1 1
github.com/RedHuang-0622/Seele/agent/core/tool/builtin/grep.go:19.30,21.2 1 1
github.com/RedHuang-0622/Seele/agent/core/tool/builtin/grep.go:23.42,23.62 1 1
github.com/RedHuang-0622/Seele/agent/core/tool/builtin/grep.go:25.51,67.2 1 1
github.com/RedHuang-0622/Seele/agent/core/tool/builtin/grep.go:86.85,88.65 2 0
github.com/RedHuang-0622/Seele/agent/core/tool/builtin/grep.go:88.65,90.3 1 0
github.com/RedHuang-0622/Seele/agent/core/tool/builtin/grep.go:92.2,92.25 1 0
github.com/RedHuang-0622/Seele/agent/core/tool/builtin/grep.go:92.25,94.3 1 0
github.com/RedHuang-0622/Seele/agent/core/tool/builtin/grep.go:95.2,95.22 1 0
github.com/RedHuang-0622/Seele/agent/core/tool/builtin/grep.go:95.22,97.3 1 0
github.com/RedHuang-0622/Seele/agent/core/tool/builtin/grep.go:98.2,98.27 1 0
github.com/RedHuang-0622/Seele/agent/core/tool/builtin/grep.go:98.27,100.3 1 0
github.com/RedHuang-0622/Seele/agent/core/tool/builtin/grep.go:102.2,105.82 3 0
github.com/RedHuang-0622/Seele/agent/core/tool/builtin/grep.go:105.82,106.17 1 0
github.com/RedHuang-0622/Seele/agent/core/tool/builtin/grep.go:106.17,108.4 1 0
github.com/RedHuang-0622/Seele/agent/core/tool/builtin/grep.go:111.3,111.19 1 0
github.com/RedHuang-0622/Seele/agent/core/tool/builtin/grep.go:111.19,113.65 1 0
github.com/RedHuang-0622/Seele/agent/core/tool/builtin/grep.go:113.65,115.5 1 0
github.com/RedHuang-0622/Seele/agent/core/tool/builtin/grep.go:116.4,116.14 1 0
github.com/RedHuang-0622/Seele/agent/core/tool/builtin/grep.go:120.3,120.23 1 0
github.com/RedHuang-0622/Seele/agent/core/tool/builtin/grep.go:120.23,122.30 2 0
github.com/RedHuang-0622/Seele/agent/core/tool/builtin/grep.go:122.30,124.5 1 0
github.com/RedHuang-0622/Seele/agent/core/tool/builtin/grep.go:128.3,128.10 1 0
github.com/RedHuang-0622/Seele/agent/core/tool/builtin/grep.go:129.21,130.20 1 0
github.com/RedHuang-0622/Seele/agent/core/tool/builtin/grep.go:131.11,131.11 0 0
github.com/RedHuang-0622/Seele/agent/core/tool/builtin/grep.go:135.3,136.17 2 0
github.com/RedHuang-0622/Seele/agent/core/tool/builtin/grep.go:136.17,138.4 1 0
github.com/RedHuang-0622/Seele/agent/core/tool/builtin/grep.go:140.3,141.36 2 0
github.com/RedHuang-0622/Seele/agent/core/tool/builtin/grep.go:141.36,142.45 1 0
github.com/RedHuang-0622/Seele/agent/core/tool/builtin/grep.go:142.45,148.41 2 0
github.com/RedHuang-0622/Seele/agent/core/tool/builtin/grep.go:148.41,150.6 1 0
github.com/RedHuang-0622/Seele/agent/core/tool/builtin/grep.go:154.3,154.13 1 0
github.com/RedHuang-0622/Seele/agent/core/tool/builtin/grep.go:156.2,156.37 1 0
github.com/RedHuang-0622/Seele/agent/core/tool/builtin/grep.go:156.37,158.3 1 0
github.com/RedHuang-0622/Seele/agent/core/tool/builtin/grep.go:160.2,161.16 2 0
github.com/RedHuang-0622/Seele/agent/core/tool/builtin/grep.go:161.16,163.3 1 0
github.com/RedHuang-0622/Seele/agent/core/tool/builtin/grep.go:164.2,164.25 1 0
github.com/RedHuang-0622/Seele/agent/core/tool/builtin/grep.go:177.89,179.65 2 0
github.com/RedHuang-0622/Seele/agent/core/tool/builtin/grep.go:179.65,181.3 1 0
github.com/RedHuang-0622/Seele/agent/core/tool/builtin/grep.go:183.2,183.22 1 0
github.com/RedHuang-0622/Seele/agent/core/tool/builtin/grep.go:183.22,185.3 1 0
github.com/RedHuang-0622/Seele/agent/core/tool/builtin/grep.go:187.2,187.26 1 0
github.com/RedHuang-0622/Seele/agent/core/tool/builtin/grep.go:187.26,189.3 1 0
github.com/RedHuang-0622/Seele/agent/core/tool/builtin/grep.go:191.2,192.16 2 0
github.com/RedHuang-0622/Seele/agent/core/tool/builtin/grep.go:192.16,194.3 1 0
github.com/RedHuang-0622/Seele/agent/core/tool/builtin/grep.go:196.2,199.28 3 0
github.com/RedHuang-0622/Seele/agent/core/tool/builtin/grep.go:199.28,201.3 1 0
github.com/RedHuang-0622/Seele/agent/core/tool/builtin/grep.go:203.2,204.59 2 0
github.com/RedHuang-0622/Seele/agent/core/tool/builtin/grep.go:204.59,206.3 1 0
github.com/RedHuang-0622/Seele/agent/core/tool/builtin/grep.go:207.2,207.25 1 0
github.com/RedHuang-0622/Seele/agent/core/tool/builtin/grep.go:207.25,209.3 1 0
github.com/RedHuang-0622/Seele/agent/core/tool/builtin/grep.go:211.2,216.20 3 0
github.com/RedHuang-0622/Seele/agent/core/tool/builtin/match.go:20.55,22.2 1 0
github.com/RedHuang-0622/Seele/agent/core/tool/builtin/match.go:24.43,24.63 1 0
github.com/RedHuang-0622/Seele/agent/core/tool/builtin/match.go:26.52,54.2 1 0
github.com/RedHuang-0622/Seele/agent/core/tool/builtin/match.go:80.86,82.65 2 0
github.com/RedHuang-0622/Seele/agent/core/tool/builtin/match.go:82.65,84.3 1 0
github.com/RedHuang-0622/Seele/agent/core/tool/builtin/match.go:86.2,86.53 1 0
github.com/RedHuang-0622/Seele/agent/core/tool/builtin/match.go:86.53,88.3 1 0
github.com/RedHuang-0622/Seele/agent/core/tool/builtin/match.go:91.2,94.37 4 0
github.com/RedHuang-0622/Seele/agent/core/tool/builtin/match.go:94.37,96.3 1 0
github.com/RedHuang-0622/Seele/agent/core/tool/builtin/match.go:97.2,104.16 4 0
github.com/RedHuang-0622/Seele/agent/core/tool/builtin/match.go:104.16,106.3 1 0
github.com/RedHuang-0622/Seele/agent/core/tool/builtin/match.go:108.2,108.25 1 0
github.com/RedHuang-0622/Seele/agent/core/tool/builtin/match.go:108.25,110.3 1 0
github.com/RedHuang-0622/Seele/agent/core/tool/builtin/match.go:113.2,120.62 7 0
github.com/RedHuang-0622/Seele/agent/core/tool/builtin/match.go:120.62,122.3 1 0
github.com/RedHuang-0622/Seele/agent/core/tool/builtin/match.go:124.2,125.16 2 0
github.com/RedHuang-0622/Seele/agent/core/tool/builtin/match.go:125.16,127.3 1 0
github.com/RedHuang-0622/Seele/agent/core/tool/builtin/match.go:128.2,128.25 1 0
github.com/RedHuang-0622/Seele/agent/core/tool/builtin/match.go:132.31,132.44 1 0
github.com/RedHuang-0622/Seele/agent/core/tool/builtin/register.go:12.36,14.30 2 0
github.com/RedHuang-0622/Seele/agent/core/tool/builtin/register.go:14.30,16.3 1 0
github.com/RedHuang-0622/Seele/agent/core/tool/builtin/register.go:20.47,27.2 1 1
github.com/RedHuang-0622/Seele/agent/core/tool/builtin/register.go:30.57,32.2 1 0
github.com/RedHuang-0622/Seele/agent/core/tool/builtin/shell.go:22.32,24.2 1 1
github.com/RedHuang-0622/Seele/agent/core/tool/builtin/shell.go:26.43,26.69 1 1
github.com/RedHuang-0622/Seele/agent/core/tool/builtin/shell.go:28.52,50.2 1 1
github.com/RedHuang-0622/Seele/agent/core/tool/builtin/shell.go:70.85,72.65 2 1
github.com/RedHuang-0622/Seele/agent/core/tool/builtin/shell.go:72.65,74.3 1 0
github.com/RedHuang-0622/Seele/agent/core/tool/builtin/shell.go:75.2,75.25 1 1
github.com/RedHuang-0622/Seele/agent/core/tool/builtin/shell.go:75.25,77.3 1 0
github.com/RedHuang-0622/Seele/agent/core/tool/builtin/shell.go:80.2,82.48 3 1
github.com/RedHuang-0622/Seele/agent/core/tool/builtin/shell.go:82.48,84.3 1 0
github.com/RedHuang-0622/Seele/agent/core/tool/builtin/shell.go:84.8,84.76 1 1
github.com/RedHuang-0622/Seele/agent/core/tool/builtin/shell.go:84.76,89.102 3 1
github.com/RedHuang-0622/Seele/agent/core/tool/builtin/shell.go:89.102,92.4 2 1
github.com/RedHuang-0622/Seele/agent/core/tool/builtin/shell.go:95.2,96.25 2 1
github.com/RedHuang-0622/Seele/agent/core/tool/builtin/shell.go:96.25,98.3 1 0
github.com/RedHuang-0622/Seele/agent/core/tool/builtin/shell.go:100.2,106.23 5 1
github.com/RedHuang-0622/Seele/agent/core/tool/builtin/shell.go:106.23,108.3 1 0
github.com/RedHuang-0622/Seele/agent/core/tool/builtin/shell.go:111.2,114.36 3 1
github.com/RedHuang-0622/Seele/agent/core/tool/builtin/shell.go:114.36,116.3 1 0
github.com/RedHuang-0622/Seele/agent/core/tool/builtin/shell.go:118.2,119.12 2 1
github.com/RedHuang-0622/Seele/agent/core/tool/builtin/shell.go:119.12,121.3 1 1
github.com/RedHuang-0622/Seele/agent/core/tool/builtin/shell.go:123.2,123.9 1 1
github.com/RedHuang-0622/Seele/agent/core/tool/builtin/shell.go:124.23,126.59 2 0
github.com/RedHuang-0622/Seele/agent/core/tool/builtin/shell.go:127.21,129.17 2 1
github.com/RedHuang-0622/Seele/agent/core/tool/builtin/shell.go:129.17,130.48 1 0
github.com/RedHuang-0622/Seele/agent/core/tool/builtin/shell.go:130.48,132.5 1 0
github.com/RedHuang-0622/Seele/agent/core/tool/builtin/shell.go:132.10,134.5 1 0
github.com/RedHuang-0622/Seele/agent/core/tool/builtin/shell.go:137.3,143.26 3 1
github.com/RedHuang-0622/Seele/agent/core/tool/builtin/workplan.go:21.76,23.2 1 0
github.com/RedHuang-0622/Seele/agent/core/tool/builtin/workplan.go:25.69,26.21 1 0
github.com/RedHuang-0622/Seele/agent/core/tool/builtin/workplan.go:26.21,28.3 1 0
github.com/RedHuang-0622/Seele/agent/core/tool/builtin/workplan.go:29.2,29.65 1 0
github.com/RedHuang-0622/Seele/agent/core/tool/builtin/workplan.go:37.77,42.16 2 0
github.com/RedHuang-0622/Seele/agent/core/tool/builtin/workplan.go:42.16,44.3 1 0
github.com/RedHuang-0622/Seele/agent/core/tool/builtin/workplan.go:45.2,45.24 1 0
github.com/RedHuang-0622/Seele/agent/core/tool/builtin/workplan.go:45.24,47.3 1 0
github.com/RedHuang-0622/Seele/agent/core/tool/builtin/workplan.go:48.2,48.16 1 0
github.com/RedHuang-0622/Seele/agent/core/tool/builtin/workplan.go:53.73,53.94 1 0
github.com/RedHuang-0622/Seele/agent/core/tool/builtin/workplan.go:81.63,83.2 1 0
github.com/RedHuang-0622/Seele/agent/core/tool/builtin/workplan.go:85.46,85.67 1 0
github.com/RedHuang-0622/Seele/agent/core/tool/builtin/workplan.go:87.55,116.2 1 0
github.com/RedHuang-0622/Seele/agent/core/tool/builtin/workplan.go:120.108,132.2 1 0
github.com/RedHuang-0622/Seele/agent/core/tool/builtin/workplan.go:134.66,140.26 3 0
github.com/RedHuang-0622/Seele/agent/core/tool/builtin/workplan.go:140.26,141.23 1 0
github.com/RedHuang-0622/Seele/agent/core/tool/builtin/workplan.go:141.23,145.4 3 0
github.com/RedHuang-0622/Seele/agent/core/tool/builtin/workplan.go:147.2,147.23 1 0
github.com/RedHuang-0622/Seele/agent/core/tool/builtin/workplan.go:147.23,149.3 1 0
github.com/RedHuang-0622/Seele/agent/core/tool/builtin/workplan.go:150.2,150.10 1 0
github.com/RedHuang-0622/Seele/agent/core/tool/builtin/workplan.go:153.58,160.2 1 0
github.com/RedHuang-0622/Seele/agent/core/tool/builtin/workplan_handler.go:42.89,44.65 2 0
github.com/RedHuang-0622/Seele/agent/core/tool/builtin/workplan_handler.go:44.65,46.3 1 0
github.com/RedHuang-0622/Seele/agent/core/tool/builtin/workplan_handler.go:47.2,47.23 1 0
github.com/RedHuang-0622/Seele/agent/core/tool/builtin/workplan_handler.go:47.23,49.3 1 0
github.com/RedHuang-0622/Seele/agent/core/tool/builtin/workplan_handler.go:50.2,50.27 1 0
github.com/RedHuang-0622/Seele/agent/core/tool/builtin/workplan_handler.go:50.27,52.3 1 0
github.com/RedHuang-0622/Seele/agent/core/tool/builtin/workplan_handler.go:55.2,55.44 1 0
github.com/RedHuang-0622/Seele/agent/core/tool/builtin/workplan_handler.go:55.44,57.3 1 0
github.com/RedHuang-0622/Seele/agent/core/tool/builtin/workplan_handler.go:60.2,60.41 1 0
github.com/RedHuang-0622/Seele/agent/core/tool/builtin/workplan_handler.go:60.41,61.38 1 0
github.com/RedHuang-0622/Seele/agent/core/tool/builtin/workplan_handler.go:61.38,63.4 1 0
github.com/RedHuang-0622/Seele/agent/core/tool/builtin/workplan_handler.go:64.3,64.30 1 0
github.com/RedHuang-0622/Seele/agent/core/tool/builtin/workplan_handler.go:64.30,65.37 1 0
github.com/RedHuang-0622/Seele/agent/core/tool/builtin/workplan_handler.go:65.37,67.5 1 0
github.com/RedHuang-0622/Seele/agent/core/tool/builtin/workplan_handler.go:71.2,79.36 5 0
github.com/RedHuang-0622/Seele/agent/core/tool/builtin/workplan_handler.go:79.36,81.3 1 0
github.com/RedHuang-0622/Seele/agent/core/tool/builtin/workplan_handler.go:84.2,87.41 2 0
github.com/RedHuang-0622/Seele/agent/core/tool/builtin/workplan_handler.go:87.41,88.30 1 0
github.com/RedHuang-0622/Seele/agent/core/tool/builtin/workplan_handler.go:88.30,90.4 1 0
github.com/RedHuang-0622/Seele/agent/core/tool/builtin/workplan_handler.go:93.2,96.63 2 0
github.com/RedHuang-0622/Seele/agent/core/tool/builtin/workplan_handler.go:99.44,101.22 2 0
github.com/RedHuang-0622/Seele/agent/core/tool/builtin/workplan_handler.go:101.22,103.3 1 0
github.com/RedHuang-0622/Seele/agent/core/tool/builtin/workplan_handler.go:104.2,104.10 1 0
github.com/RedHuang-0622/Seele/agent/core/tool/builtin/workplan_handler.go:111.88,116.16 4 0
github.com/RedHuang-0622/Seele/agent/core/tool/builtin/workplan_handler.go:116.16,118.3 1 0
github.com/RedHuang-0622/Seele/agent/core/tool/builtin/workplan_handler.go:119.2,124.20 2 0
github.com/RedHuang-0622/Seele/agent/core/tool/builtin/workplan_handler.go:124.20,127.3 2 0
github.com/RedHuang-0622/Seele/agent/core/tool/builtin/workplan_handler.go:128.2,129.23 2 0
github.com/RedHuang-0622/Seele/agent/core/tool/builtin/workplan_handler.go:136.91,142.34 5 0
github.com/RedHuang-0622/Seele/agent/core/tool/builtin/workplan_handler.go:142.34,145.15 3 0
github.com/RedHuang-0622/Seele/agent/core/tool/builtin/workplan_handler.go:145.15,147.4 1 0
github.com/RedHuang-0622/Seele/agent/core/tool/builtin/workplan_handler.go:148.3,148.61 1 0
github.com/RedHuang-0622/Seele/agent/core/tool/builtin/workplan_handler.go:150.2,151.33 2 0
github.com/RedHuang-0622/Seele/agent/core/tool/builtin/workplan_handler.go:151.33,153.3 1 0
github.com/RedHuang-0622/Seele/agent/core/tool/builtin/workplan_handler.go:154.2,162.23 3 0
github.com/RedHuang-0622/Seele/agent/core/tool/builtin/workplan_handler.go:169.91,173.2 3 0
github.com/RedHuang-0622/Seele/agent/core/tool/builtin/workplan_handler.go:179.90,184.2 4 0
github.com/RedHuang-0622/Seele/agent/core/tool/holder/config.go:13.41,19.2 1 1
github.com/RedHuang-0622/Seele/agent/core/tool/holder/config.go:21.48,23.28 2 1
github.com/RedHuang-0622/Seele/agent/core/tool/holder/config.go:23.28,25.3 1 1
github.com/RedHuang-0622/Seele/agent/core/tool/holder/config.go:26.2,26.31 1 1
github.com/RedHuang-0622/Seele/agent/core/tool/holder/config.go:26.31,28.3 1 1
github.com/RedHuang-0622/Seele/agent/core/tool/holder/config.go:29.2,29.28 1 1
github.com/RedHuang-0622/Seele/agent/core/tool/holder/config.go:29.28,31.3 1 1
github.com/RedHuang-0622/Seele/agent/core/tool/holder/config.go:32.2,32.10 1 1
github.com/RedHuang-0622/Seele/agent/core/tool/holder/holder.go:36.20,38.2 1 1
github.com/RedHuang-0622/Seele/agent/core/tool/holder/holder.go:41.46,54.2 4 1
github.com/RedHuang-0622/Seele/agent/core/tool/holder/holder.go:56.34,58.32 2 1
github.com/RedHuang-0622/Seele/agent/core/tool/holder/holder.go:58.32,59.35 1 1
github.com/RedHuang-0622/Seele/agent/core/tool/holder/holder.go:59.35,61.43 2 1
github.com/RedHuang-0622/Seele/agent/core/tool/holder/holder.go:61.43,63.5 1 1
github.com/RedHuang-0622/Seele/agent/core/tool/holder/holder.go:66.2,67.35 2 1
github.com/RedHuang-0622/Seele/agent/core/tool/holder/holder.go:67.35,68.35 1 1
github.com/RedHuang-0622/Seele/agent/core/tool/holder/holder.go:68.35,69.12 1 1
github.com/RedHuang-0622/Seele/agent/core/tool/holder/holder.go:71.3,71.48 1 1
github.com/RedHuang-0622/Seele/agent/core/tool/holder/holder.go:73.2,73.67 1 1
github.com/RedHuang-0622/Seele/agent/core/tool/holder/holder.go:77.54,82.2 4 1
github.com/RedHuang-0622/Seele/agent/core/tool/holder/holder.go:85.42,89.32 4 1
github.com/RedHuang-0622/Seele/agent/core/tool/holder/holder.go:89.32,90.31 1 1
github.com/RedHuang-0622/Seele/agent/core/tool/holder/holder.go:90.31,92.4 1 1
github.com/RedHuang-0622/Seele/agent/core/tool/holder/holder.go:94.2,95.19 2 1
github.com/RedHuang-0622/Seele/agent/core/tool/holder/holder.go:99.39,101.2 1 1
github.com/RedHuang-0622/Seele/agent/core/tool/holder/holder.go:109.87,112.9 3 1
github.com/RedHuang-0622/Seele/agent/core/tool/holder/holder.go:112.9,114.3 1 1
github.com/RedHuang-0622/Seele/agent/core/tool/holder/holder.go:117.2,119.27 3 1
github.com/RedHuang-0622/Seele/agent/core/tool/holder/holder.go:119.27,121.34 2 1
github.com/RedHuang-0622/Seele/agent/core/tool/holder/holder.go:121.34,123.4 1 1
github.com/RedHuang-0622/Seele/agent/core/tool/holder/holder.go:124.3,124.53 1 1
github.com/RedHuang-0622/Seele/agent/core/tool/holder/holder.go:124.53,128.4 3 1
github.com/RedHuang-0622/Seele/agent/core/tool/holder/holder.go:131.2,132.59 2 1
github.com/RedHuang-0622/Seele/agent/core/tool/holder/holder.go:132.59,134.17 2 1
github.com/RedHuang-0622/Seele/agent/core/tool/holder/holder.go:134.17,136.4 1 1
github.com/RedHuang-0622/Seele/agent/core/tool/holder/holder.go:137.3,137.47 1 1
github.com/RedHuang-0622/Seele/agent/core/tool/holder/holder.go:137.47,140.4 1 1
github.com/RedHuang-0622/Seele/agent/core/tool/holder/holder.go:141.3,141.53 1 1
github.com/RedHuang-0622/Seele/agent/core/tool/holder/holder.go:141.53,143.4 1 0
github.com/RedHuang-0622/Seele/agent/core/tool/holder/holder.go:144.3,145.36 2 1
github.com/RedHuang-0622/Seele/agent/core/tool/holder/holder.go:145.36,147.4 1 1
github.com/RedHuang-0622/Seele/agent/core/tool/holder/holder.go:149.2,150.36 1 0
github.com/RedHuang-0622/Seele/agent/core/tool/holder/holder.go:155.188,169.47 4 1
github.com/RedHuang-0622/Seele/agent/core/tool/holder/holder.go:169.47,171.3 1 1
github.com/RedHuang-0622/Seele/agent/core/tool/holder/holder.go:172.2,174.15 3 1
github.com/RedHuang-0622/Seele/agent/core/tool/holder/holder.go:179.63,182.2 2 1
github.com/RedHuang-0622/Seele/agent/core/tool/holder/holder.go:184.47,184.69 1 1
github.com/RedHuang-0622/Seele/agent/core/tool/holder/holder.go:185.48,185.109 1 1
github.com/RedHuang-0622/Seele/agent/core/tool/holder/holder.go:186.40,187.24 1 1
github.com/RedHuang-0622/Seele/agent/core/tool/holder/holder.go:187.24,187.37 1 1
github.com/RedHuang-0622/Seele/agent/core/tool/holder/holder.go:188.2,188.35 1 1
github.com/RedHuang-0622/Seele/agent/core/tool/holder/holder.go:190.52,191.24 1 1
github.com/RedHuang-0622/Seele/agent/core/tool/holder/holder.go:191.24,191.73 1 1
github.com/RedHuang-0622/Seele/agent/core/tool/holder/holder.go:192.2,192.35 1 1
github.com/RedHuang-0622/Seele/agent/core/tool/holder/holder.go:194.37,195.24 1 1
github.com/RedHuang-0622/Seele/agent/core/tool/holder/holder.go:195.24,195.52 1 1
github.com/RedHuang-0622/Seele/agent/core/tool/holder/holder.go:204.48,204.68 1 0
github.com/RedHuang-0622/Seele/agent/core/tool/holder/holder.go:205.57,207.32 2 1
github.com/RedHuang-0622/Seele/agent/core/tool/holder/holder.go:207.32,209.3 1 1
github.com/RedHuang-0622/Seele/agent/core/tool/holder/holder.go:210.2,210.15 1 1
github.com/RedHuang-0622/Seele/agent/core/tool/holder/holder.go:217.87,219.2 1 1
github.com/RedHuang-0622/Seele/agent/core/tool/holder/holder.go:221.54,222.32 1 1
github.com/RedHuang-0622/Seele/agent/core/tool/holder/holder.go:222.32,223.40 1 0
github.com/RedHuang-0622/Seele/agent/core/tool/holder/holder.go:223.40,225.4 1 0
github.com/RedHuang-0622/Seele/agent/core/tool/holder/holder.go:227.2,230.11 4 1
github.com/RedHuang-0622/Seele/agent/core/tool/holder/plugin.go:19.76,26.2 1 1
github.com/RedHuang-0622/Seele/agent/core/tool/holder/plugin.go:28.45,29.20 1 1
github.com/RedHuang-0622/Seele/agent/core/tool/holder/plugin.go:29.20,31.3 1 1
github.com/RedHuang-0622/Seele/agent/core/tool/holder/plugin.go:32.2,32.20 1 1
github.com/RedHuang-0622/Seele/agent/core/tool/holder/plugin.go:32.20,34.3 1 1
github.com/RedHuang-0622/Seele/agent/core/tool/holder/plugin.go:35.2,35.36 1 1
github.com/RedHuang-0622/Seele/agent/core/tool/holder/plugin.go:35.36,36.52 1 1
github.com/RedHuang-0622/Seele/agent/core/tool/holder/plugin.go:36.52,38.4 1 1
github.com/RedHuang-0622/Seele/agent/core/tool/holder/plugin.go:40.2,40.25 1 1
github.com/RedHuang-0622/Seele/agent/core/tool/holder/plugin.go:40.25,42.3 1 1
github.com/RedHuang-0622/Seele/agent/core/tool/holder/plugin.go:43.2,43.36 1 1
github.com/RedHuang-0622/Seele/agent/core/tool/holder/plugin.go:43.36,44.52 1 1
github.com/RedHuang-0622/Seele/agent/core/tool/holder/plugin.go:44.52,46.4 1 1
github.com/RedHuang-0622/Seele/agent/core/tool/holder/plugin.go:48.2,48.14 1 1
github.com/RedHuang-0622/Seele/agent/core/tool/holder/plugin.go:51.35,53.2 1 1
github.com/RedHuang-0622/Seele/agent/core/tool/holder/plugin.go:62.40,66.2 1 1
github.com/RedHuang-0622/Seele/agent/core/tool/holder/plugin.go:68.43,69.18 1 1
github.com/RedHuang-0622/Seele/agent/core/tool/holder/plugin.go:69.18,71.3 1 1
github.com/RedHuang-0622/Seele/agent/core/tool/holder/plugin.go:72.2,74.24 3 1
github.com/RedHuang-0622/Seele/agent/core/tool/holder/plugin.go:77.48,78.16 1 1
github.com/RedHuang-0622/Seele/agent/core/tool/holder/plugin.go:78.16,80.3 1 1
github.com/RedHuang-0622/Seele/agent/core/tool/holder/plugin.go:81.2,84.23 4 1
github.com/RedHuang-0622/Seele/agent/core/tool/holder/plugin.go:84.23,86.3 1 1
github.com/RedHuang-0622/Seele/agent/core/tool/holder/plugin.go:89.61,94.2 4 1
github.com/RedHuang-0622/Seele/agent/core/tool/holder/plugin.go:96.48,100.31 4 1
github.com/RedHuang-0622/Seele/agent/core/tool/holder/plugin.go:100.31,102.3 1 1
github.com/RedHuang-0622/Seele/agent/core/tool/holder/plugin.go:103.2,103.14 1 1
github.com/RedHuang-0622/Seele/agent/core/tool/holder/plugin.go:106.54,109.16 3 1
github.com/RedHuang-0622/Seele/agent/core/tool/holder/plugin.go:109.16,112.3 2 1
github.com/RedHuang-0622/Seele/agent/core/tool/holder/plugin.go:113.2,113.36 1 1
github.com/RedHuang-0622/Seele/agent/core/tool/holder/plugin.go:113.36,115.3 1 1
github.com/RedHuang-0622/Seele/agent/core/tool/holder/plugin.go:116.2,117.12 2 1
github.com/RedHuang-0622/Seele/agent/core/tool/holder/plugin.go:120.39,124.2 3 1
github.com/RedHuang-0622/Seele/agent/core/tool/holder/plugin.go:126.48,130.2 3 1
github.com/RedHuang-0622/Seele/agent/core/tool/holder/plugin.go:132.48,136.2 3 1
github.com/RedHuang-0622/Seele/agent/core/tool/holder/plugin.go:138.66,144.25 5 1
github.com/RedHuang-0622/Seele/agent/core/tool/holder/plugin.go:144.25,146.3 1 1
github.com/RedHuang-0622/Seele/agent/core/tool/holder/plugin.go:148.2,149.26 2 1
github.com/RedHuang-0622/Seele/agent/core/tool/holder/plugin.go:149.26,150.36 1 1
github.com/RedHuang-0622/Seele/agent/core/tool/holder/plugin.go:150.36,152.4 1 1
github.com/RedHuang-0622/Seele/agent/core/tool/holder/plugin.go:154.2,154.15 1 1
github.com/RedHuang-0622/Seele/agent/core/tool/holder/plugin.go:157.49,163.34 4 1
github.com/RedHuang-0622/Seele/agent/core/tool/holder/plugin.go:163.34,165.3 1 1
github.com/RedHuang-0622/Seele/agent/core/tool/holder/plugin.go:166.2,166.14 1 1
github.com/RedHuang-0622/Seele/agent/core/tool/holder/plugin.go:169.43,170.20 1 1
github.com/RedHuang-0622/Seele/agent/core/tool/holder/plugin.go:170.20,172.3 1 1
github.com/RedHuang-0622/Seele/agent/core/tool/holder/plugin.go:173.2,173.37 1 1
github.com/RedHuang-0622/Seele/agent/core/tool/holder/plugin.go:173.37,175.3 1 1
github.com/RedHuang-0622/Seele/agent/core/tool/holder/plugin.go:176.2,178.26 3 1
github.com/RedHuang-0622/Seele/agent/core/tool/holder/plugin.go:178.26,179.14 1 1
github.com/RedHuang-0622/Seele/agent/core/tool/holder/plugin.go:179.14,181.4 1 1
github.com/RedHuang-0622/Seele/agent/core/tool/holder/plugin.go:183.2,183.24 1 1
github.com/RedHuang-0622/Seele/agent/core/tool/holder/plugin.go:183.24,185.3 1 1
github.com/RedHuang-0622/Seele/agent/core/tool/holder/plugin.go:186.2,186.81 1 1
github.com/RedHuang-0622/Seele/agent/core/tool/holder/plugin.go:186.81,187.44 1 1
github.com/RedHuang-0622/Seele/agent/core/tool/holder/plugin.go:187.44,189.4 1 1
github.com/RedHuang-0622/Seele/agent/core/tool/holder/plugin.go:190.3,190.26 1 1
github.com/RedHuang-0622/Seele/agent/core/tool/holder/plugin.go:192.2,192.116 1 1
github.com/RedHuang-0622/Seele/agent/core/tool/holder/plugin.go:192.116,194.37 2 1
github.com/RedHuang-0622/Seele/agent/core/tool/holder/plugin.go:194.37,196.4 1 1
github.com/RedHuang-0622/Seele/agent/core/tool/holder/plugin.go:197.3,197.40 1 1
github.com/RedHuang-0622/Seele/agent/core/tool/holder/plugin.go:199.2,200.32 2 1
github.com/RedHuang-0622/Seele/agent/core/tool/holder/plugin.go:200.32,202.16 2 0
github.com/RedHuang-0622/Seele/agent/core/tool/holder/plugin.go:202.16,204.4 1 0
github.com/RedHuang-0622/Seele/agent/core/tool/holder/plugin.go:205.3,205.30 1 0
github.com/RedHuang-0622/Seele/agent/core/tool/holder/plugin.go:207.2,207.13 1 1
github.com/RedHuang-0622/Seele/agent/core/api/client.go:36.69,39.2 2 1
github.com/RedHuang-0622/Seele/agent/core/api/client.go:42.67,45.2 2 1
github.com/RedHuang-0622/Seele/agent/core/api/client.go:49.62,52.2 2 1
github.com/RedHuang-0622/Seele/agent/core/api/client.go:57.54,58.19 1 1
github.com/RedHuang-0622/Seele/agent/core/api/client.go:58.19,60.3 1 1
github.com/RedHuang-0622/Seele/agent/core/api/client.go:61.2,61.35 1 1
github.com/RedHuang-0622/Seele/agent/core/api/client.go:65.46,67.2 1 1
github.com/RedHuang-0622/Seele/agent/core/api/client.go:71.68,74.2 2 1
github.com/RedHuang-0622/Seele/agent/core/api/client.go:77.52,79.2 1 1
github.com/RedHuang-0622/Seele/agent/core/api/client.go:82.49,84.2 1 1
github.com/RedHuang-0622/Seele/agent/core/api/client.go:86.53,88.18 2 1
github.com/RedHuang-0622/Seele/agent/core/api/client.go:88.18,90.3 1 1
github.com/RedHuang-0622/Seele/agent/core/api/client.go:91.2,94.3 1 1
github.com/RedHuang-0622/Seele/agent/core/api/client.go:103.50,104.19 1 1
github.com/RedHuang-0622/Seele/agent/core/api/client.go:104.19,105.29 1 1
github.com/RedHuang-0622/Seele/agent/core/api/client.go:105.29,107.4 1 1
github.com/RedHuang-0622/Seele/agent/core/api/client.go:108.3,108.22 1 1
github.com/RedHuang-0622/Seele/agent/core/api/client.go:110.2,110.12 1 1
github.com/RedHuang-0622/Seele/agent/core/api/client.go:124.72,125.23 1 1
github.com/RedHuang-0622/Seele/agent/core/api/client.go:125.23,127.3 1 1
github.com/RedHuang-0622/Seele/agent/core/api/client.go:128.2,129.9 2 1
github.com/RedHuang-0622/Seele/agent/core/api/client.go:130.24,131.28 1 1
github.com/RedHuang-0622/Seele/agent/core/api/client.go:132.42,133.31 1 1
github.com/RedHuang-0622/Seele/agent/core/api/client.go:135.2,135.46 1 1
github.com/RedHuang-0622/Seele/agent/core/api/client.go:135.46,137.3 1 1
github.com/RedHuang-0622/Seele/agent/core/api/client.go:138.2,141.38 2 1
github.com/RedHuang-0622/Seele/agent/core/api/client.go:150.121,152.34 2 1
github.com/RedHuang-0622/Seele/agent/core/api/client.go:152.34,154.3 1 1
github.com/RedHuang-0622/Seele/agent/core/api/client.go:155.2,159.17 4 1
github.com/RedHuang-0622/Seele/agent/core/api/client.go:159.17,162.3 2 1
github.com/RedHuang-0622/Seele/agent/core/api/client.go:164.2,165.16 2 1
github.com/RedHuang-0622/Seele/agent/core/api/client.go:165.16,167.3 1 1
github.com/RedHuang-0622/Seele/agent/core/api/client.go:169.2,175.16 2 1
github.com/RedHuang-0622/Seele/agent/core/api/client.go:175.16,177.3 1 0
github.com/RedHuang-0622/Seele/agent/core/api/client.go:178.2,183.16 5 1
github.com/RedHuang-0622/Seele/agent/core/api/client.go:183.16,185.3 1 1
github.com/RedHuang-0622/Seele/agent/core/api/client.go:186.2,189.16 3 1
github.com/RedHuang-0622/Seele/agent/core/api/client.go:189.16,191.3 1 0
github.com/RedHuang-0622/Seele/agent/core/api/client.go:193.2,193.37 1 1
github.com/RedHuang-0622/Seele/agent/core/api/client.go:207.30,211.2 1 1
github.com/RedHuang-0622/Seele/agent/core/api/client.go:215.76,216.24 1 1
github.com/RedHuang-0622/Seele/agent/core/api/client.go:216.24,218.18 2 1
github.com/RedHuang-0622/Seele/agent/core/api/client.go:219.25,222.15 3 1
github.com/RedHuang-0622/Seele/agent/core/api/client.go:222.15,225.5 2 1
github.com/RedHuang-0622/Seele/agent/core/api/client.go:226.4,226.36 1 1
github.com/RedHuang-0622/Seele/agent/core/api/client.go:226.36,227.47 1 1
github.com/RedHuang-0622/Seele/agent/core/api/client.go:227.47,229.6 1 1
github.com/RedHuang-0622/Seele/agent/core/api/client.go:230.5,230.53 1 1
github.com/RedHuang-0622/Seele/agent/core/api/client.go:230.53,232.6 1 1
github.com/RedHuang-0622/Seele/agent/core/api/client.go:233.5,233.58 1 1
github.com/RedHuang-0622/Seele/agent/core/api/client.go:233.58,235.6 1 1
github.com/RedHuang-0622/Seele/agent/core/api/client.go:237.21,238.21 1 1
github.com/RedHuang-0622/Seele/agent/core/api/client.go:238.21,240.23 2 1
github.com/RedHuang-0622/Seele/agent/core/api/client.go:240.23,242.6 1 1
github.com/RedHuang-0622/Seele/agent/core/api/client.go:244.26,245.41 1 1
github.com/RedHuang-0622/Seele/agent/core/api/client.go:251.69,253.34 2 1
github.com/RedHuang-0622/Seele/agent/core/api/client.go:253.34,254.29 1 1
github.com/RedHuang-0622/Seele/agent/core/api/client.go:254.29,256.4 1 1
github.com/RedHuang-0622/Seele/agent/core/api/client.go:258.2,258.15 1 1
github.com/RedHuang-0622/Seele/agent/core/api/client.go:263.128,265.34 2 1
github.com/RedHuang-0622/Seele/agent/core/api/client.go:265.34,267.3 1 1
github.com/RedHuang-0622/Seele/agent/core/api/client.go:268.2,272.17 4 1
github.com/RedHuang-0622/Seele/agent/core/api/client.go:272.17,275.3 2 1
github.com/RedHuang-0622/Seele/agent/core/api/client.go:277.2,278.16 2 1
github.com/RedHuang-0622/Seele/agent/core/api/client.go:278.16,280.3 1 1
github.com/RedHuang-0622/Seele/agent/core/api/client.go:282.2,284.16 2 1
github.com/RedHuang-0622/Seele/agent/core/api/client.go:284.16,286.3 1 0
github.com/RedHuang-0622/Seele/agent/core/api/client.go:288.2,291.42 4 1
github.com/RedHuang-0622/Seele/agent/core/api/client.go:291.42,293.3 1 1
github.com/RedHuang-0622/Seele/agent/core/api/client.go:295.2,296.16 2 1
github.com/RedHuang-0622/Seele/agent/core/api/client.go:296.16,298.3 1 1
github.com/RedHuang-0622/Seele/agent/core/api/client.go:299.2,299.38 1 1
github.com/RedHuang-0622/Seele/agent/core/api/client.go:299.38,303.3 3 1
github.com/RedHuang-0622/Seele/agent/core/api/client.go:305.2,305.23 1 1
github.com/RedHuang-0622/Seele/agent/core/api/client.go:320.84,322.2 1 1
github.com/RedHuang-0622/Seele/agent/core/api/client.go:330.84,331.32 1 1
github.com/RedHuang-0622/Seele/agent/core/api/client.go:331.32,333.3 1 1
github.com/RedHuang-0622/Seele/agent/core/api/client.go:334.2,334.64 1 1
github.com/RedHuang-0622/Seele/agent/core/api/client.go:344.84,349.16 3 1
github.com/RedHuang-0622/Seele/agent/core/api/client.go:349.16,351.3 1 1
github.com/RedHuang-0622/Seele/agent/core/api/client.go:352.2,358.6 5 1
github.com/RedHuang-0622/Seele/agent/core/api/client.go:358.6,362.29 3 1
github.com/RedHuang-0622/Seele/agent/core/api/client.go:362.29,363.9 1 1
github.com/RedHuang-0622/Seele/agent/core/api/client.go:366.3,366.61 1 1
github.com/RedHuang-0622/Seele/agent/core/api/client.go:366.61,368.12 2 1
github.com/RedHuang-0622/Seele/agent/core/api/client.go:371.3,371.76 1 1
github.com/RedHuang-0622/Seele/agent/core/api/client.go:371.76,374.23 3 1
github.com/RedHuang-0622/Seele/agent/core/api/client.go:374.23,376.5 1 0
github.com/RedHuang-0622/Seele/agent/core/api/client.go:377.4,377.41 1 1
github.com/RedHuang-0622/Seele/agent/core/api/client.go:380.3,380.24 1 1
github.com/RedHuang-0622/Seele/agent/core/api/client.go:380.24,381.9 1 1
github.com/RedHuang-0622/Seele/agent/core/api/client.go:383.3,383.21 1 1
github.com/RedHuang-0622/Seele/agent/core/api/client.go:383.21,385.4 1 0
github.com/RedHuang-0622/Seele/agent/core/api/client.go:388.2,388.22 1 1
github.com/RedHuang-0622/Seele/agent/core/api/client.go:388.22,390.3 1 1
github.com/RedHuang-0622/Seele/agent/core/api/client.go:391.2,391.64 1 1
github.com/RedHuang-0622/Seele/agent/core/api/client.go:396.69,401.17 2 1
github.com/RedHuang-0622/Seele/agent/core/api/client.go:401.17,402.25 1 1
github.com/RedHuang-0622/Seele/agent/core/api/client.go:402.25,404.4 1 1
github.com/RedHuang-0622/Seele/agent/core/api/client.go:405.3,405.27 1 1
github.com/RedHuang-0622/Seele/agent/core/api/client.go:405.27,407.4 1 1
github.com/RedHuang-0622/Seele/agent/core/api/client.go:409.2,409.13 1 1
github.com/RedHuang-0622/Seele/agent/core/api/client.go:414.64,415.37 1 1
github.com/RedHuang-0622/Seele/agent/core/api/client.go:415.37,417.3 1 1
github.com/RedHuang-0622/Seele/agent/core/api/client.go:418.2,418.18 1 1
github.com/RedHuang-0622/Seele/agent/core/api/config.go:39.60,41.16 2 1
github.com/RedHuang-0622/Seele/agent/core/api/config.go:41.16,43.3 1 1
github.com/RedHuang-0622/Seele/agent/core/api/config.go:44.2,44.38 1 1
github.com/RedHuang-0622/Seele/agent/core/api/config.go:48.65,50.51 2 1
github.com/RedHuang-0622/Seele/agent/core/api/config.go:50.51,52.3 1 1
github.com/RedHuang-0622/Seele/agent/core/api/config.go:53.2,54.37 2 1
github.com/RedHuang-0622/Seele/agent/core/api/config.go:54.37,56.3 1 1
github.com/RedHuang-0622/Seele/agent/core/api/config.go:57.2,57.41 1 1
github.com/RedHuang-0622/Seele/agent/core/api/config.go:97.63,99.16 2 1
github.com/RedHuang-0622/Seele/agent/core/api/config.go:99.16,101.3 1 1
github.com/RedHuang-0622/Seele/agent/core/api/config.go:102.2,102.42 1 1
github.com/RedHuang-0622/Seele/agent/core/api/config.go:106.68,108.51 2 1
github.com/RedHuang-0622/Seele/agent/core/api/config.go:108.51,110.3 1 1
github.com/RedHuang-0622/Seele/agent/core/api/config.go:113.2,114.26 2 1
github.com/RedHuang-0622/Seele/agent/core/api/config.go:114.26,116.3 1 1
github.com/RedHuang-0622/Seele/agent/core/api/config.go:119.2,120.37 2 1
github.com/RedHuang-0622/Seele/agent/core/api/config.go:120.37,122.27 2 1
github.com/RedHuang-0622/Seele/agent/core/api/config.go:122.27,122.62 1 0
github.com/RedHuang-0622/Seele/agent/core/api/config.go:124.3,124.26 1 1
github.com/RedHuang-0622/Seele/agent/core/api/config.go:124.26,126.4 1 1
github.com/RedHuang-0622/Seele/agent/core/api/config.go:127.3,127.24 1 1
github.com/RedHuang-0622/Seele/agent/core/api/config.go:127.24,129.4 1 1
github.com/RedHuang-0622/Seele/agent/core/api/config.go:130.3,130.28 1 1
github.com/RedHuang-0622/Seele/agent/core/api/config.go:130.28,132.4 1 1
github.com/RedHuang-0622/Seele/agent/core/api/config.go:133.3,133.36 1 1
github.com/RedHuang-0622/Seele/agent/core/api/config.go:136.2,139.8 1 1
github.com/RedHuang-0622/Seele/agent/core/api/config.go:145.46,159.2 1 1
github.com/RedHuang-0622/Seele/agent/core/api/pool.go:38.32,39.19 1 1
github.com/RedHuang-0622/Seele/agent/core/api/pool.go:39.19,41.3 1 1
github.com/RedHuang-0622/Seele/agent/core/api/pool.go:42.2,48.29 6 1
github.com/RedHuang-0622/Seele/agent/core/api/pool.go:48.29,49.22 1 1
github.com/RedHuang-0622/Seele/agent/core/api/pool.go:49.22,52.4 2 1
github.com/RedHuang-0622/Seele/agent/core/api/pool.go:54.2,55.31 2 1
github.com/RedHuang-0622/Seele/agent/core/api/pool.go:55.31,57.3 1 1
github.com/RedHuang-0622/Seele/agent/core/api/pool.go:58.2,59.13 2 1
github.com/RedHuang-0622/Seele/agent/core/api/pool.go:70.56,71.43 1 1
github.com/RedHuang-0622/Seele/agent/core/api/pool.go:71.43,73.3 1 1
github.com/RedHuang-0622/Seele/agent/core/api/pool.go:74.2,76.3 1 1
github.com/RedHuang-0622/Seele/agent/core/api/pool.go:80.40,84.46 4 1
github.com/RedHuang-0622/Seele/agent/core/api/pool.go:84.46,86.3 1 1
github.com/RedHuang-0622/Seele/agent/core/api/pool.go:91.40,93.12 2 1
github.com/RedHuang-0622/Seele/agent/core/api/pool.go:93.12,95.3 1 1
github.com/RedHuang-0622/Seele/agent/core/api/pool.go:96.2,96.25 1 1
github.com/RedHuang-0622/Seele/agent/core/api/pool.go:96.25,98.33 2 1
github.com/RedHuang-0622/Seele/agent/core/api/pool.go:98.33,101.4 2 1
github.com/RedHuang-0622/Seele/agent/core/api/pool.go:103.2,103.11 1 1
github.com/RedHuang-0622/Seele/agent/core/api/pool.go:108.39,112.12 4 1
github.com/RedHuang-0622/Seele/agent/core/api/pool.go:112.12,114.3 1 1
github.com/RedHuang-0622/Seele/agent/core/api/pool.go:115.2,115.25 1 1
github.com/RedHuang-0622/Seele/agent/core/api/pool.go:115.25,118.31 3 1
github.com/RedHuang-0622/Seele/agent/core/api/pool.go:118.31,121.4 2 1
github.com/RedHuang-0622/Seele/agent/core/api/pool.go:123.2,123.12 1 1
github.com/RedHuang-0622/Seele/agent/core/api/pool.go:128.70,132.12 4 1
github.com/RedHuang-0622/Seele/agent/core/api/pool.go:132.12,134.3 1 1
github.com/RedHuang-0622/Seele/agent/core/api/pool.go:135.2,135.25 1 1
github.com/RedHuang-0622/Seele/agent/core/api/pool.go:135.25,138.57 3 1
github.com/RedHuang-0622/Seele/agent/core/api/pool.go:138.57,141.4 2 1
github.com/RedHuang-0622/Seele/agent/core/api/pool.go:143.2,143.12 1 1
github.com/RedHuang-0622/Seele/agent/core/api/pool.go:147.41,153.2 5 1
github.com/RedHuang-0622/Seele/agent/core/api/pool.go:158.53,161.32 3 1
github.com/RedHuang-0622/Seele/agent/core/api/pool.go:161.32,162.36 1 1
github.com/RedHuang-0622/Seele/agent/core/api/pool.go:162.36,165.4 2 1
github.com/RedHuang-0622/Seele/agent/core/api/pool.go:167.2,167.12 1 1
github.com/RedHuang-0622/Seele/agent/core/api/pool.go:172.43,175.27 3 1
github.com/RedHuang-0622/Seele/agent/core/api/pool.go:175.27,177.3 1 1
github.com/RedHuang-0622/Seele/agent/core/api/pool.go:179.2,180.25 2 1
github.com/RedHuang-0622/Seele/agent/core/api/pool.go:180.25,182.33 2 1
github.com/RedHuang-0622/Seele/agent/core/api/pool.go:182.33,184.4 1 1
github.com/RedHuang-0622/Seele/agent/core/api/pool.go:186.2,186.12 1 0
github.com/RedHuang-0622/Seele/agent/core/api/strategy.go:87.51,91.45 4 1
github.com/RedHuang-0622/Seele/agent/core/api/strategy.go:91.45,92.61 1 1
github.com/RedHuang-0622/Seele/agent/core/api/strategy.go:94.2,94.30 1 1
github.com/RedHuang-0622/Seele/agent/core/api/strategy.go:98.56,102.2 3 1
github.com/RedHuang-0622/Seele/agent/core/api/strategy.go:105.39,109.36 4 1
github.com/RedHuang-0622/Seele/agent/core/api/strategy.go:109.36,111.3 1 1
github.com/RedHuang-0622/Seele/agent/core/api/strategy.go:112.2,112.14 1 1
github.com/RedHuang-0622/Seele/agent/core/api/strategy_anthropic.go:56.56,56.78 1 1
github.com/RedHuang-0622/Seele/agent/core/api/strategy_anthropic.go:57.57,57.82 1 1
github.com/RedHuang-0622/Seele/agent/core/api/strategy_anthropic.go:58.72,58.102 1 1
github.com/RedHuang-0622/Seele/agent/core/api/strategy_anthropic.go:59.60,61.2 1 1
github.com/RedHuang-0622/Seele/agent/core/api/strategy_anthropic.go:77.97,79.21 1 1
github.com/RedHuang-0622/Seele/agent/core/api/strategy_anthropic.go:79.21,83.63 2 0
github.com/RedHuang-0622/Seele/agent/core/api/strategy_anthropic.go:83.63,85.4 1 0
github.com/RedHuang-0622/Seele/agent/core/api/strategy_anthropic.go:86.3,86.23 1 0
github.com/RedHuang-0622/Seele/agent/core/api/strategy_anthropic.go:89.2,89.19 1 1
github.com/RedHuang-0622/Seele/agent/core/api/strategy_anthropic.go:90.14,91.18 1 0
github.com/RedHuang-0622/Seele/agent/core/api/strategy_anthropic.go:93.23,101.63 2 1
github.com/RedHuang-0622/Seele/agent/core/api/strategy_anthropic.go:101.63,103.4 1 0
github.com/RedHuang-0622/Seele/agent/core/api/strategy_anthropic.go:105.3,106.45 2 1
github.com/RedHuang-0622/Seele/agent/core/api/strategy_anthropic.go:106.45,107.22 1 1
github.com/RedHuang-0622/Seele/agent/core/api/strategy_anthropic.go:108.16,109.25 1 1
github.com/RedHuang-0622/Seele/agent/core/api/strategy_anthropic.go:109.25,114.6 1 1
github.com/RedHuang-0622/Seele/agent/core/api/strategy_anthropic.go:115.20,116.29 1 0
github.com/RedHuang-0622/Seele/agent/core/api/strategy_anthropic.go:116.29,121.6 1 0
github.com/RedHuang-0622/Seele/agent/core/api/strategy_anthropic.go:122.20,130.7 1 0
github.com/RedHuang-0622/Seele/agent/core/api/strategy_anthropic.go:133.3,133.21 1 1
github.com/RedHuang-0622/Seele/agent/core/api/strategy_anthropic.go:135.29,141.65 2 0
github.com/RedHuang-0622/Seele/agent/core/api/strategy_anthropic.go:141.65,143.4 1 0
github.com/RedHuang-0622/Seele/agent/core/api/strategy_anthropic.go:144.3,144.44 1 0
github.com/RedHuang-0622/Seele/agent/core/api/strategy_anthropic.go:144.44,153.4 1 0
github.com/RedHuang-0622/Seele/agent/core/api/strategy_anthropic.go:154.3,154.44 1 0
github.com/RedHuang-0622/Seele/agent/core/api/strategy_anthropic.go:154.44,155.41 1 0
github.com/RedHuang-0622/Seele/agent/core/api/strategy_anthropic.go:155.41,157.5 1 0
github.com/RedHuang-0622/Seele/agent/core/api/strategy_anthropic.go:158.4,158.19 1 0
github.com/RedHuang-0622/Seele/agent/core/api/strategy_anthropic.go:160.3,160.18 1 0
github.com/RedHuang-0622/Seele/agent/core/api/strategy_anthropic.go:162.29,173.65 2 1
github.com/RedHuang-0622/Seele/agent/core/api/strategy_anthropic.go:173.65,175.4 1 0
github.com/RedHuang-0622/Seele/agent/core/api/strategy_anthropic.go:176.3,176.27 1 1
github.com/RedHuang-0622/Seele/agent/core/api/strategy_anthropic.go:177.21,178.30 1 1
github.com/RedHuang-0622/Seele/agent/core/api/strategy_anthropic.go:178.30,183.5 1 1
github.com/RedHuang-0622/Seele/agent/core/api/strategy_anthropic.go:184.27,185.37 1 0
github.com/RedHuang-0622/Seele/agent/core/api/strategy_anthropic.go:185.37,193.5 1 0
github.com/RedHuang-0622/Seele/agent/core/api/strategy_anthropic.go:194.25,196.18 2 0
github.com/RedHuang-0622/Seele/agent/core/api/strategy_anthropic.go:196.18,198.5 1 0
github.com/RedHuang-0622/Seele/agent/core/api/strategy_anthropic.go:199.4,199.18 1 0
github.com/RedHuang-0622/Seele/agent/core/api/strategy_anthropic.go:199.18,204.5 1 0
github.com/RedHuang-0622/Seele/agent/core/api/strategy_anthropic.go:206.3,206.18 1 0
github.com/RedHuang-0622/Seele/agent/core/api/strategy_anthropic.go:208.28,209.18 1 1
github.com/RedHuang-0622/Seele/agent/core/api/strategy_anthropic.go:211.23,222.96 2 0
github.com/RedHuang-0622/Seele/agent/core/api/strategy_anthropic.go:222.96,231.4 1 0
github.com/RedHuang-0622/Seele/agent/core/api/strategy_anthropic.go:232.3,232.18 1 0
github.com/RedHuang-0622/Seele/agent/core/api/strategy_anthropic.go:234.22,235.18 1 1
github.com/RedHuang-0622/Seele/agent/core/api/strategy_anthropic.go:237.15,245.70 2 0
github.com/RedHuang-0622/Seele/agent/core/api/strategy_anthropic.go:245.70,247.4 1 0
github.com/RedHuang-0622/Seele/agent/core/api/strategy_anthropic.go:248.3,251.10 1 0
github.com/RedHuang-0622/Seele/agent/core/api/strategy_anthropic.go:253.10,254.18 1 0
github.com/RedHuang-0622/Seele/agent/core/api/strategy_anthropic.go:264.152,272.29 4 1
github.com/RedHuang-0622/Seele/agent/core/api/strategy_anthropic.go:272.29,273.29 1 1
github.com/RedHuang-0622/Seele/agent/core/api/strategy_anthropic.go:273.29,275.4 1 1
github.com/RedHuang-0622/Seele/agent/core/api/strategy_anthropic.go:276.3,277.17 2 0
github.com/RedHuang-0622/Seele/agent/core/api/strategy_anthropic.go:277.17,279.4 1 0
github.com/RedHuang-0622/Seele/agent/core/api/strategy_anthropic.go:280.3,282.13 3 0
github.com/RedHuang-0622/Seele/agent/core/api/strategy_anthropic.go:285.2,285.29 1 1
github.com/RedHuang-0622/Seele/agent/core/api/strategy_anthropic.go:285.29,286.17 1 1
github.com/RedHuang-0622/Seele/agent/core/api/strategy_anthropic.go:287.17,288.24 1 0
github.com/RedHuang-0622/Seele/agent/core/api/strategy_anthropic.go:288.24,290.5 1 0
github.com/RedHuang-0622/Seele/agent/core/api/strategy_anthropic.go:292.15,294.24 2 0
github.com/RedHuang-0622/Seele/agent/core/api/strategy_anthropic.go:294.24,296.5 1 0
github.com/RedHuang-0622/Seele/agent/core/api/strategy_anthropic.go:297.4,301.6 1 0
github.com/RedHuang-0622/Seele/agent/core/api/strategy_anthropic.go:303.20,305.39 1 0
github.com/RedHuang-0622/Seele/agent/core/api/strategy_anthropic.go:305.39,307.5 1 0
github.com/RedHuang-0622/Seele/agent/core/api/strategy_anthropic.go:308.4,308.28 1 0
github.com/RedHuang-0622/Seele/agent/core/api/strategy_anthropic.go:308.28,310.33 2 0
github.com/RedHuang-0622/Seele/agent/core/api/strategy_anthropic.go:310.33,312.6 1 0
github.com/RedHuang-0622/Seele/agent/core/api/strategy_anthropic.go:313.5,313.45 1 0
github.com/RedHuang-0622/Seele/agent/core/api/strategy_anthropic.go:313.45,315.6 1 0
github.com/RedHuang-0622/Seele/agent/core/api/strategy_anthropic.go:316.5,316.36 1 0
github.com/RedHuang-0622/Seele/agent/core/api/strategy_anthropic.go:316.36,318.37 2 0
github.com/RedHuang-0622/Seele/agent/core/api/strategy_anthropic.go:318.37,320.7 1 0
github.com/RedHuang-0622/Seele/agent/core/api/strategy_anthropic.go:321.6,326.8 1 0
github.com/RedHuang-0622/Seele/agent/core/api/strategy_anthropic.go:328.5,329.19 2 0
github.com/RedHuang-0622/Seele/agent/core/api/strategy_anthropic.go:329.19,331.6 1 0
github.com/RedHuang-0622/Seele/agent/core/api/strategy_anthropic.go:332.5,332.73 1 0
github.com/RedHuang-0622/Seele/agent/core/api/strategy_anthropic.go:333.10,333.31 1 0
github.com/RedHuang-0622/Seele/agent/core/api/strategy_anthropic.go:333.31,335.19 2 0
github.com/RedHuang-0622/Seele/agent/core/api/strategy_anthropic.go:335.19,337.6 1 0
github.com/RedHuang-0622/Seele/agent/core/api/strategy_anthropic.go:338.5,338.79 1 0
github.com/RedHuang-0622/Seele/agent/core/api/strategy_anthropic.go:341.11,342.24 1 1
github.com/RedHuang-0622/Seele/agent/core/api/strategy_anthropic.go:342.24,344.19 2 1
github.com/RedHuang-0622/Seele/agent/core/api/strategy_anthropic.go:344.19,346.6 1 0
github.com/RedHuang-0622/Seele/agent/core/api/strategy_anthropic.go:347.5,347.74 1 1
github.com/RedHuang-0622/Seele/agent/core/api/strategy_anthropic.go:352.2,352.37 1 1
github.com/RedHuang-0622/Seele/agent/core/api/strategy_anthropic.go:352.37,354.3 1 0
github.com/RedHuang-0622/Seele/agent/core/api/strategy_anthropic.go:356.2,362.15 2 1
github.com/RedHuang-0622/Seele/agent/core/api/strategy_anthropic.go:362.15,364.3 1 0
github.com/RedHuang-0622/Seele/agent/core/api/strategy_anthropic.go:365.2,365.26 1 1
github.com/RedHuang-0622/Seele/agent/core/api/strategy_anthropic.go:365.26,367.3 1 0
github.com/RedHuang-0622/Seele/agent/core/api/strategy_anthropic.go:368.2,368.20 1 1
github.com/RedHuang-0622/Seele/agent/core/api/strategy_anthropic.go:368.20,370.21 2 0
github.com/RedHuang-0622/Seele/agent/core/api/strategy_anthropic.go:370.21,371.61 1 0
github.com/RedHuang-0622/Seele/agent/core/api/strategy_anthropic.go:371.61,373.19 2 0
github.com/RedHuang-0622/Seele/agent/core/api/strategy_anthropic.go:373.19,375.6 1 0
github.com/RedHuang-0622/Seele/agent/core/api/strategy_anthropic.go:376.5,377.56 2 0
github.com/RedHuang-0622/Seele/agent/core/api/strategy_anthropic.go:381.2,381.26 1 1
github.com/RedHuang-0622/Seele/agent/core/api/strategy_anthropic.go:384.79,386.52 2 1
github.com/RedHuang-0622/Seele/agent/core/api/strategy_anthropic.go:386.52,388.3 1 0
github.com/RedHuang-0622/Seele/agent/core/api/strategy_anthropic.go:389.2,389.23 1 1
github.com/RedHuang-0622/Seele/agent/core/api/strategy_anthropic.go:389.23,391.3 1 1
github.com/RedHuang-0622/Seele/agent/core/api/strategy_anthropic.go:393.2,398.37 5 1
github.com/RedHuang-0622/Seele/agent/core/api/strategy_anthropic.go:398.37,399.21 1 1
github.com/RedHuang-0622/Seele/agent/core/api/strategy_anthropic.go:400.15,401.29 1 1
github.com/RedHuang-0622/Seele/agent/core/api/strategy_anthropic.go:402.19,403.36 1 0
github.com/RedHuang-0622/Seele/agent/core/api/strategy_anthropic.go:404.19,405.22 1 1
github.com/RedHuang-0622/Seele/agent/core/api/strategy_anthropic.go:405.22,412.53 2 1
github.com/RedHuang-0622/Seele/agent/core/api/strategy_anthropic.go:412.53,414.6 1 1
github.com/RedHuang-0622/Seele/agent/core/api/strategy_anthropic.go:419.2,420.24 2 1
github.com/RedHuang-0622/Seele/agent/core/api/strategy_anthropic.go:420.24,422.3 1 1
github.com/RedHuang-0622/Seele/agent/core/api/strategy_anthropic.go:422.8,424.3 1 1
github.com/RedHuang-0622/Seele/agent/core/api/strategy_anthropic.go:425.2,425.27 1 1
github.com/RedHuang-0622/Seele/agent/core/api/strategy_anthropic.go:425.27,427.3 1 0
github.com/RedHuang-0622/Seele/agent/core/api/strategy_anthropic.go:428.2,428.23 1 1
github.com/RedHuang-0622/Seele/agent/core/api/strategy_anthropic.go:428.23,434.3 1 1
github.com/RedHuang-0622/Seele/agent/core/api/strategy_anthropic.go:435.2,435.17 1 1
github.com/RedHuang-0622/Seele/agent/core/api/strategy_anthropic.go:438.39,439.11 1 1
github.com/RedHuang-0622/Seele/agent/core/api/strategy_anthropic.go:439.11,441.3 1 1
github.com/RedHuang-0622/Seele/agent/core/api/strategy_anthropic.go:442.2,442.17 1 1
github.com/RedHuang-0622/Seele/agent/core/api/strategy_anthropic.go:447.13,449.2 1 1
github.com/RedHuang-0622/Seele/agent/core/api/strategy_openai.go:92.40,92.59 1 1
github.com/RedHuang-0622/Seele/agent/core/api/strategy_openai.go:94.44,94.74 1 1
github.com/RedHuang-0622/Seele/agent/core/api/strategy_openai.go:96.149,97.12 1 1
github.com/RedHuang-0622/Seele/agent/core/api/strategy_openai.go:97.12,103.21 2 1
github.com/RedHuang-0622/Seele/agent/core/api/strategy_openai.go:103.21,105.4 1 0
github.com/RedHuang-0622/Seele/agent/core/api/strategy_openai.go:106.3,106.27 1 1
github.com/RedHuang-0622/Seele/agent/core/api/strategy_openai.go:108.2,112.20 2 1
github.com/RedHuang-0622/Seele/agent/core/api/strategy_openai.go:112.20,114.3 1 1
github.com/RedHuang-0622/Seele/agent/core/api/strategy_openai.go:115.2,115.26 1 1
github.com/RedHuang-0622/Seele/agent/core/api/strategy_openai.go:118.76,120.50 2 1
github.com/RedHuang-0622/Seele/agent/core/api/strategy_openai.go:120.50,122.3 1 1
github.com/RedHuang-0622/Seele/agent/core/api/strategy_openai.go:123.2,123.21 1 1
github.com/RedHuang-0622/Seele/agent/core/api/strategy_openai.go:123.21,126.3 1 1
github.com/RedHuang-0622/Seele/agent/core/api/strategy_openai.go:127.2,127.26 1 1
github.com/RedHuang-0622/Seele/agent/core/api/strategy_openai.go:127.26,129.3 1 1
github.com/RedHuang-0622/Seele/agent/core/api/strategy_openai.go:130.2,131.21 2 1
github.com/RedHuang-0622/Seele/agent/core/api/strategy_openai.go:131.21,137.3 1 1
github.com/RedHuang-0622/Seele/agent/core/api/strategy_openai.go:138.2,138.17 1 1
github.com/RedHuang-0622/Seele/agent/core/api/strategy_openai.go:141.57,143.2 1 1
github.com/RedHuang-0622/Seele/agent/core/api/strategy_openai.go:153.94,154.44 1 1
github.com/RedHuang-0622/Seele/agent/core/api/strategy_openai.go:154.44,156.3 1 0
github.com/RedHuang-0622/Seele/agent/core/api/strategy_openai.go:158.2,159.64 2 1
github.com/RedHuang-0622/Seele/agent/core/api/strategy_openai.go:159.64,161.3 1 0
github.com/RedHuang-0622/Seele/agent/core/api/strategy_openai.go:163.2,163.24 1 1
github.com/RedHuang-0622/Seele/agent/core/api/strategy_openai.go:163.24,168.3 1 0
github.com/RedHuang-0622/Seele/agent/core/api/strategy_openai.go:171.2,171.29 1 1
github.com/RedHuang-0622/Seele/agent/core/api/strategy_openai.go:171.29,172.25 1 0
github.com/RedHuang-0622/Seele/agent/core/api/strategy_openai.go:172.25,181.4 1 0
github.com/RedHuang-0622/Seele/agent/core/api/strategy_openai.go:182.3,182.18 1 0
github.com/RedHuang-0622/Seele/agent/core/api/strategy_openai.go:185.2,188.30 2 1
github.com/RedHuang-0622/Seele/agent/core/api/strategy_openai.go:188.30,190.38 2 1
github.com/RedHuang-0622/Seele/agent/core/api/strategy_openai.go:190.38,192.23 2 1
github.com/RedHuang-0622/Seele/agent/core/api/strategy_openai.go:192.23,194.5 1 1
github.com/RedHuang-0622/Seele/agent/core/api/strategy_openai.go:195.4,195.23 1 1
github.com/RedHuang-0622/Seele/agent/core/api/strategy_openai.go:195.23,197.5 1 1
github.com/RedHuang-0622/Seele/agent/core/api/strategy_openai.go:198.4,208.6 1 1
github.com/RedHuang-0622/Seele/agent/core/api/strategy_openai.go:210.3,210.21 1 1
github.com/RedHuang-0622/Seele/agent/core/api/strategy_openai.go:214.2,214.34 1 1
github.com/RedHuang-0622/Seele/agent/core/api/strategy_openai.go:214.34,219.3 1 1
github.com/RedHuang-0622/Seele/agent/core/api/strategy_openai.go:222.2,222.25 1 1
github.com/RedHuang-0622/Seele/agent/core/api/strategy_openai.go:222.25,227.3 1 1
github.com/RedHuang-0622/Seele/agent/core/api/strategy_openai.go:229.2,229.17 1 1
github.com/RedHuang-0622/Seele/agent/core/api/strategy_openai.go:232.69,234.2 1 1
github.com/RedHuang-0622/Seele/agent/core/api/strategy_openai.go:239.80,240.17 1 0
github.com/RedHuang-0622/Seele/agent/core/api/strategy_openai.go:240.17,242.3 1 0
github.com/RedHuang-0622/Seele/agent/core/api/strategy_openai.go:243.2,247.8 5 0
github.com/RedHuang-0622/Seele/agent/core/api/strategy_openai.go:251.47,253.2 1 0
github.com/RedHuang-0622/Seele/agent/core/api/strategy_openai.go:259.13,261.2 1 1
github.com/RedHuang-0622/Seele/agent/agent.go:35.34,36.21 1 1
github.com/RedHuang-0622/Seele/agent/agent.go:36.21,38.3 1 1
github.com/RedHuang-0622/Seele/agent/agent.go:39.2,39.28 1 1
github.com/RedHuang-0622/Seele/agent/agent.go:39.28,41.3 1 1
github.com/RedHuang-0622/Seele/agent/agent.go:42.2,42.28 1 1
github.com/RedHuang-0622/Seele/agent/agent.go:42.28,44.3 1 1
github.com/RedHuang-0622/Seele/agent/agent.go:45.2,45.21 1 1
github.com/RedHuang-0622/Seele/agent/agent.go:45.21,47.3 1 1
github.com/RedHuang-0622/Seele/agent/agent.go:60.52,60.89 1 1
github.com/RedHuang-0622/Seele/agent/agent.go:61.52,61.90 1 0
github.com/RedHuang-0622/Seele/agent/agent.go:107.40,111.29 2 1
github.com/RedHuang-0622/Seele/agent/agent.go:111.29,112.58 1 0
github.com/RedHuang-0622/Seele/agent/agent.go:112.58,114.4 1 0
github.com/RedHuang-0622/Seele/agent/agent.go:115.3,115.31 1 0
github.com/RedHuang-0622/Seele/agent/agent.go:120.2,121.36 2 1
github.com/RedHuang-0622/Seele/agent/agent.go:121.36,124.17 3 0
github.com/RedHuang-0622/Seele/agent/agent.go:124.17,126.4 1 0
github.com/RedHuang-0622/Seele/agent/agent.go:127.8,136.3 1 1
github.com/RedHuang-0622/Seele/agent/agent.go:139.2,153.16 7 1
github.com/RedHuang-0622/Seele/agent/agent.go:153.16,155.3 1 0
github.com/RedHuang-0622/Seele/agent/agent.go:156.2,160.12 3 1
github.com/RedHuang-0622/Seele/agent/agent.go:160.12,161.57 1 1
github.com/RedHuang-0622/Seele/agent/agent.go:161.57,163.4 1 0
github.com/RedHuang-0622/Seele/agent/agent.go:164.3,164.18 1 0
github.com/RedHuang-0622/Seele/agent/agent.go:166.2,166.9 1 1
github.com/RedHuang-0622/Seele/agent/agent.go:167.18,168.54 1 0
github.com/RedHuang-0622/Seele/agent/agent.go:169.37,170.61 1 1
github.com/RedHuang-0622/Seele/agent/agent.go:174.2,175.29 2 1
github.com/RedHuang-0622/Seele/agent/agent.go:175.29,179.3 3 0
github.com/RedHuang-0622/Seele/agent/agent.go:181.2,196.15 3 1
github.com/RedHuang-0622/Seele/agent/agent.go:202.44,202.68 1 1
github.com/RedHuang-0622/Seele/agent/agent.go:206.37,210.26 3 1
github.com/RedHuang-0622/Seele/agent/agent.go:210.26,211.10 1 1
github.com/RedHuang-0622/Seele/agent/agent.go:212.21,213.14 1 1
github.com/RedHuang-0622/Seele/agent/agent.go:214.11,214.11 0 1
github.com/RedHuang-0622/Seele/agent/agent.go:216.3,218.49 3 1
github.com/RedHuang-0622/Seele/agent/agent.go:220.2,220.22 1 1
github.com/RedHuang-0622/Seele/agent/agent.go:225.193,228.2 2 1
github.com/RedHuang-0622/Seele/agent/agent.go:233.48,233.65 1 1
github.com/RedHuang-0622/Seele/agent/agent.go:236.43,236.65 1 1
github.com/RedHuang-0622/Seele/agent/agent.go:239.64,241.2 1 1
github.com/RedHuang-0622/Seele/agent/agent.go:244.86,245.9 1 1
github.com/RedHuang-0622/Seele/agent/agent.go:246.20,247.48 1 1
github.com/RedHuang-0622/Seele/agent/agent.go:248.10,248.10 0 1
github.com/RedHuang-0622/Seele/agent/agent.go:250.2,252.47 3 1
github.com/RedHuang-0622/Seele/agent/agent.go:256.92,257.9 1 1
github.com/RedHuang-0622/Seele/agent/agent.go:258.20,259.48 1 0
github.com/RedHuang-0622/Seele/agent/agent.go:260.10,260.10 0 1
github.com/RedHuang-0622/Seele/agent/agent.go:262.2,264.47 3 1
github.com/RedHuang-0622/Seele/agent/agent.go:268.40,268.58 1 1
github.com/RedHuang-0622/Seele/agent/agent.go:272.28,273.9 1 1
github.com/RedHuang-0622/Seele/agent/agent.go:274.20,275.9 1 1
github.com/RedHuang-0622/Seele/agent/agent.go:276.10,277.20 1 1
github.com/RedHuang-0622/Seele/agent/agent.go:281.2,283.27 2 1
github.com/RedHuang-0622/Seele/agent/agent.go:283.27,285.3 1 0
github.com/RedHuang-0622/Seele/agent/agent.go:286.2,287.26 2 1
github.com/RedHuang-0622/Seele/agent/agent.go:287.26,288.52 1 0
github.com/RedHuang-0622/Seele/agent/agent.go:288.52,290.4 1 0
github.com/RedHuang-0622/Seele/agent/agent.go:292.2,294.41 3 1
github.com/RedHuang-0622/Seele/agent/pool.go:32.22,34.2 1 1
github.com/RedHuang-0622/Seele/agent/pool.go:37.55,43.2 2 1
github.com/RedHuang-0622/Seele/agent/pool.go:46.38,47.39 1 1
github.com/RedHuang-0622/Seele/agent/pool.go:47.39,49.3 1 1
github.com/RedHuang-0622/Seele/agent/pool.go:50.2,51.12 2 1
github.com/RedHuang-0622/Seele/agent/pool.go:55.34,56.26 1 1
github.com/RedHuang-0622/Seele/agent/pool.go:56.26,58.3 1 1
github.com/RedHuang-0622/Seele/agent/pool.go:59.2,59.38 1 1
github.com/RedHuang-0622/Seele/agent/pool.go:63.38,64.26 1 1
github.com/RedHuang-0622/Seele/agent/pool.go:64.26,66.3 1 1
github.com/RedHuang-0622/Seele/agent/pool.go:67.2,67.36 1 1
github.com/RedHuang-0622/Seele/agent/pool.go:71.35,71.55 1 1
github.com/RedHuang-0622/Seele/agent/pool.go:74.26,74.52 1 1
github.com/RedHuang-0622/Seele/agent/pool.go:86.32,88.32 2 1
github.com/RedHuang-0622/Seele/agent/pool.go:88.32,96.3 1 1
github.com/RedHuang-0622/Seele/agent/pool.go:97.2,97.15 1 1
github.com/RedHuang-0622/Seele/agent/pool.go:101.72,103.14 2 1
github.com/RedHuang-0622/Seele/agent/pool.go:103.14,105.3 1 1
github.com/RedHuang-0622/Seele/agent/pool.go:106.2,106.27 1 1
github.com/RedHuang-0622/Seele/agent/pool.go:110.100,112.14 2 1
github.com/RedHuang-0622/Seele/agent/pool.go:112.14,114.3 1 1
github.com/RedHuang-0622/Seele/agent/pool.go:115.2,115.42 1 1
github.com/RedHuang-0622/Seele/agent/gateway/tool/default.go:16.63,18.2 1 1
github.com/RedHuang-0622/Seele/agent/gateway/tool/default.go:21.47,23.2 1 1
github.com/RedHuang-0622/Seele/agent/gateway/tool/default.go:28.73,30.31 2 1
github.com/RedHuang-0622/Seele/agent/gateway/tool/default.go:30.31,32.3 1 1
github.com/RedHuang-0622/Seele/agent/gateway/tool/default.go:33.2,33.14 1 1
github.com/RedHuang-0622/Seele/agent/gateway/tool/default.go:37.95,39.2 1 1
github.com/RedHuang-0622/Seele/agent/gateway/tool/default.go:42.60,44.2 1 1
github.com/RedHuang-0622/Seele/agent/gateway/tool/default.go:47.48,49.2 1 1
github.com/RedHuang-0622/Seele/agent/gateway/tool/default.go:52.45,54.2 1 1
github.com/RedHuang-0622/Seele/agent/gateway/api/default.go:15.63,17.2 1 1
github.com/RedHuang-0622/Seele/agent/gateway/api/default.go:20.76,22.2 1 1
github.com/RedHuang-0622/Seele/agent/gateway/api/default.go:26.71,28.36 2 1
github.com/RedHuang-0622/Seele/agent/gateway/api/default.go:28.36,30.3 1 1
github.com/RedHuang-0622/Seele/agent/gateway/api/default.go:31.2,31.15 1 1
github.com/RedHuang-0622/Seele/agent/gateway/api/default.go:35.57,37.2 1 1
github.com/RedHuang-0622/Seele/config/loader.go:21.55,23.16 2 1
github.com/RedHuang-0622/Seele/config/loader.go:23.16,25.3 1 1
github.com/RedHuang-0622/Seele/config/loader.go:27.2,28.51 2 1
github.com/RedHuang-0622/Seele/config/loader.go:28.51,30.3 1 1
github.com/RedHuang-0622/Seele/config/loader.go:32.2,32.27 1 1
github.com/RedHuang-0622/Seele/config/loader.go:32.27,34.3 1 1
github.com/RedHuang-0622/Seele/config/loader.go:35.2,35.25 1 1
github.com/RedHuang-0622/Seele/config/loader.go:35.25,37.3 1 1
github.com/RedHuang-0622/Seele/config/loader.go:40.2,40.28 1 1
github.com/RedHuang-0622/Seele/config/loader.go:40.28,42.3 1 1
github.com/RedHuang-0622/Seele/config/loader.go:43.2,43.26 1 1
github.com/RedHuang-0622/Seele/config/loader.go:43.26,45.3 1 1
github.com/RedHuang-0622/Seele/config/loader.go:46.2,46.30 1 1
github.com/RedHuang-0622/Seele/config/loader.go:46.30,48.3 1 1
github.com/RedHuang-0622/Seele/config/loader.go:50.2,50.21 1 1
github.com/RedHuang-0622/Seele/config/loader.go:69.58,71.16 2 1
github.com/RedHuang-0622/Seele/config/loader.go:71.16,73.3 1 1
github.com/RedHuang-0622/Seele/config/loader.go:75.2,76.51 2 1
github.com/RedHuang-0622/Seele/config/loader.go:76.51,78.3 1 1
github.com/RedHuang-0622/Seele/config/loader.go:81.2,81.24 1 1
github.com/RedHuang-0622/Seele/config/loader.go:81.24,83.3 1 1
github.com/RedHuang-0622/Seele/config/loader.go:84.2,84.33 1 1
github.com/RedHuang-0622/Seele/config/loader.go:84.33,86.3 1 1
github.com/RedHuang-0622/Seele/config/loader.go:87.2,87.29 1 1
github.com/RedHuang-0622/Seele/config/loader.go:87.29,89.3 1 1
github.com/RedHuang-0622/Seele/config/loader.go:91.2,91.17 1 1
github.com/RedHuang-0622/Seele/agent/core/tool/mcp/handler.go:20.81,22.64 2 1
github.com/RedHuang-0622/Seele/agent/core/tool/mcp/handler.go:22.64,24.3 1 1
github.com/RedHuang-0622/Seele/agent/core/tool/mcp/handler.go:26.2,31.16 5 0
github.com/RedHuang-0622/Seele/agent/core/tool/mcp/handler.go:31.16,33.3 1 0
github.com/RedHuang-0622/Seele/agent/core/tool/mcp/handler.go:35.2,36.35 2 0
github.com/RedHuang-0622/Seele/agent/core/tool/mcp/handler.go:36.35,38.17 2 0
github.com/RedHuang-0622/Seele/agent/core/tool/mcp/handler.go:38.17,40.4 1 0
github.com/RedHuang-0622/Seele/agent/core/tool/mcp/handler.go:42.2,42.39 1 0
github.com/RedHuang-0622/Seele/agent/core/tool/mcp/provider.go:41.30,45.2 1 1
github.com/RedHuang-0622/Seele/agent/core/tool/mcp/provider.go:47.42,47.58 1 1
github.com/RedHuang-0622/Seele/agent/core/tool/mcp/provider.go:49.43,53.30 4 1
[...]
github.com/RedHuang-0622/Seele/workplan/sugar/loop/loop.go:88.88,92.18 4 0
github.com/RedHuang-0622/Seele/workplan/sugar/loop/loop.go:92.18,94.3 1 0
github.com/RedHuang-0622/Seele/workplan/sugar/loop/loop.go:95.2,95.26 1 0
github.com/RedHuang-0622/Seele/workplan/sugar/loop/loop.go:95.26,96.10 1 0
github.com/RedHuang-0622/Seele/workplan/sugar/loop/loop.go:97.21,98.36 1 0
github.com/RedHuang-0622/Seele/workplan/sugar/loop/loop.go:99.11,99.11 0 0
github.com/RedHuang-0622/Seele/workplan/sugar/loop/loop.go:101.3,102.18 2 0
github.com/RedHuang-0622/Seele/workplan/sugar/loop/loop.go:102.18,104.4 1 0
github.com/RedHuang-0622/Seele/workplan/sugar/loop/loop.go:104.9,106.4 1 0
github.com/RedHuang-0622/Seele/workplan/sugar/loop/loop.go:107.3,109.17 3 0
github.com/RedHuang-0622/Seele/workplan/sugar/loop/loop.go:109.17,111.4 1 0
github.com/RedHuang-0622/Seele/workplan/sugar/loop/loop.go:112.3,115.53 3 0
github.com/RedHuang-0622/Seele/workplan/sugar/loop/loop.go:115.53,116.9 1 0
github.com/RedHuang-0622/Seele/workplan/sugar/loop/loop.go:118.3,118.43 1 0
github.com/RedHuang-0622/Seele/workplan/sugar/loop/loop.go:118.43,119.9 1 0
github.com/RedHuang-0622/Seele/workplan/sugar/loop/loop.go:122.2,122.28 1 0
github.com/RedHuang-0622/Seele/workplan/sugar/loop/loop.go:126.105,128.25 2 1
github.com/RedHuang-0622/Seele/workplan/sugar/loop/loop.go:128.25,130.3 1 1
github.com/RedHuang-0622/Seele/workplan/sugar/loop/loop.go:131.2,132.17 2 1
github.com/RedHuang-0622/Seele/workplan/sugar/loop/loop.go:136.56,137.27 1 1
github.com/RedHuang-0622/Seele/workplan/sugar/loop/loop.go:137.27,137.45 1 1
github.com/RedHuang-0622/Seele/workplan/sugar/loop/loop.go:141.43,142.27 1 1
github.com/RedHuang-0622/Seele/workplan/sugar/loop/loop.go:142.27,142.46 1 1
github.com/RedHuang-0622/Seele/workplan/sugar/loop/loop.go:146.49,147.27 1 1
github.com/RedHuang-0622/Seele/workplan/sugar/loop/loop.go:147.27,147.49 1 1
github.com/RedHuang-0622/Seele/workplan/sugar/loop/loop.go:151.59,152.27 1 1
github.com/RedHuang-0622/Seele/workplan/sugar/loop/loop.go:152.27,152.73 2 1
github.com/RedHuang-0622/Seele/workplan/sugar/switch/switch.go:20.58,22.2 1 1
github.com/RedHuang-0622/Seele/workplan/sugar/switch/switch.go:25.91,27.2 1 1
github.com/RedHuang-0622/Seele/workplan/sugar/switch/switch.go:31.97,36.51 3 1
github.com/RedHuang-0622/Seele/workplan/sugar/switch/switch.go:36.51,36.97 1 1
github.com/RedHuang-0622/Seele/workplan/sugar/switch/switch.go:38.2,38.19 1 1
github.com/RedHuang-0622/Seele/workplan/sugar/switch/switch.go:38.19,41.52 1 1
github.com/RedHuang-0622/Seele/workplan/sugar/switch/switch.go:41.52,43.5 1 1
github.com/RedHuang-0622/Seele/workplan/sugar/switch/switch.go:46.2,46.10 1 1
github.com/RedHuang-0622/Seele/workplan/sugar/switch/switch.go:50.79,53.26 3 1
github.com/RedHuang-0622/Seele/workplan/sugar/switch/switch.go:53.26,57.52 2 1
github.com/RedHuang-0622/Seele/workplan/sugar/switch/switch.go:57.52,58.24 1 1
github.com/RedHuang-0622/Seele/workplan/sugar/switch/switch.go:58.24,60.6 1 1
github.com/RedHuang-0622/Seele/workplan/sugar/switch/switch.go:61.5,61.51 1 0
github.com/RedHuang-0622/Seele/workplan/sugar/switch/switch.go:65.2,65.10 1 1
github.com/RedHuang-0622/Seele/workplan/sugar/switch/switch.go:69.48,70.29 1 1
github.com/RedHuang-0622/Seele/workplan/sugar/switch/switch.go:70.29,72.3 1 1
github.com/RedHuang-0622/Seele/workplan/sugar/switch/switch.go:76.51,77.29 1 1
github.com/RedHuang-0622/Seele/workplan/sugar/switch/switch.go:77.29,79.3 1 1
github.com/RedHuang-0622/Seele/contexts/cache/config.go:33.29,40.2 1 1
github.com/RedHuang-0622/Seele/contexts/cache/config.go:43.36,45.21 2 1
github.com/RedHuang-0622/Seele/contexts/cache/config.go:45.21,47.3 1 0
github.com/RedHuang-0622/Seele/contexts/cache/config.go:48.2,48.23 1 1
github.com/RedHuang-0622/Seele/contexts/cache/config.go:48.23,50.3 1 1
github.com/RedHuang-0622/Seele/contexts/cache/config.go:51.2,51.23 1 1
github.com/RedHuang-0622/Seele/contexts/cache/config.go:51.23,53.3 1 1
github.com/RedHuang-0622/Seele/contexts/cache/config.go:54.2,54.25 1 1
github.com/RedHuang-0622/Seele/contexts/cache/config.go:54.25,56.3 1 1
github.com/RedHuang-0622/Seele/contexts/cache/config.go:57.2,57.10 1 1
github.com/RedHuang-0622/Seele/contexts/cache/provider.go:107.51,110.51 3 1
github.com/RedHuang-0622/Seele/contexts/cache/provider.go:110.51,112.3 1 0
github.com/RedHuang-0622/Seele/contexts/cache/provider.go:114.2,120.41 2 1
github.com/RedHuang-0622/Seele/contexts/cache/provider.go:120.41,122.3 1 0
github.com/RedHuang-0622/Seele/contexts/cache/provider.go:124.2,124.15 1 1
github.com/RedHuang-0622/Seele/contexts/cache/provider.go:130.52,132.9 2 1
github.com/RedHuang-0622/Seele/contexts/cache/provider.go:132.9,135.3 2 1
github.com/RedHuang-0622/Seele/contexts/cache/provider.go:137.2,140.78 2 1
github.com/RedHuang-0622/Seele/contexts/cache/provider.go:140.78,146.3 5 1
github.com/RedHuang-0622/Seele/contexts/cache/provider.go:149.2,150.16 2 1
github.com/RedHuang-0622/Seele/contexts/cache/provider.go:150.16,154.3 3 0
github.com/RedHuang-0622/Seele/contexts/cache/provider.go:157.2,164.27 7 1
github.com/RedHuang-0622/Seele/contexts/cache/provider.go:168.57,170.9 2 1
github.com/RedHuang-0622/Seele/contexts/cache/provider.go:170.9,173.3 2 0
github.com/RedHuang-0622/Seele/contexts/cache/provider.go:175.2,178.78 2 1
github.com/RedHuang-0622/Seele/contexts/cache/provider.go:178.78,184.3 5 0
github.com/RedHuang-0622/Seele/contexts/cache/provider.go:186.2,189.18 4 1
github.com/RedHuang-0622/Seele/contexts/cache/provider.go:193.51,195.2 1 1
github.com/RedHuang-0622/Seele/contexts/cache/provider.go:198.77,200.70 1 1
github.com/RedHuang-0622/Seele/contexts/cache/provider.go:200.70,202.3 1 1
github.com/RedHuang-0622/Seele/contexts/cache/provider.go:205.2,205.26 1 1
github.com/RedHuang-0622/Seele/contexts/cache/provider.go:205.26,207.37 2 1
github.com/RedHuang-0622/Seele/contexts/cache/provider.go:207.37,210.4 2 1
github.com/RedHuang-0622/Seele/contexts/cache/provider.go:211.3,211.32 1 1
github.com/RedHuang-0622/Seele/contexts/cache/provider.go:211.32,213.4 1 1
github.com/RedHuang-0622/Seele/contexts/cache/provider.go:217.2,220.54 3 1
github.com/RedHuang-0622/Seele/contexts/cache/provider.go:220.54,222.3 1 0
github.com/RedHuang-0622/Seele/contexts/cache/provider.go:225.2,226.71 2 1
github.com/RedHuang-0622/Seele/contexts/cache/provider.go:226.71,228.3 1 0
github.com/RedHuang-0622/Seele/contexts/cache/provider.go:231.2,232.13 2 1
github.com/RedHuang-0622/Seele/contexts/cache/provider.go:232.13,234.3 1 1
github.com/RedHuang-0622/Seele/contexts/cache/provider.go:235.2,256.14 6 1
github.com/RedHuang-0622/Seele/contexts/cache/provider.go:260.45,262.13 2 1
github.com/RedHuang-0622/Seele/contexts/cache/provider.go:262.13,264.3 1 1
github.com/RedHuang-0622/Seele/contexts/cache/provider.go:266.2,271.36 4 1
github.com/RedHuang-0622/Seele/contexts/cache/provider.go:271.36,272.58 1 1
github.com/RedHuang-0622/Seele/contexts/cache/provider.go:272.58,275.4 2 1
github.com/RedHuang-0622/Seele/contexts/cache/provider.go:276.3,276.14 1 1
github.com/RedHuang-0622/Seele/contexts/cache/provider.go:280.2,280.18 1 1
github.com/RedHuang-0622/Seele/contexts/cache/provider.go:280.18,285.3 4 1
github.com/RedHuang-0622/Seele/contexts/cache/provider.go:287.2,287.13 1 1
github.com/RedHuang-0622/Seele/contexts/cache/provider.go:291.54,292.18 1 1
github.com/RedHuang-0622/Seele/contexts/cache/provider.go:292.18,294.3 1 0
github.com/RedHuang-0622/Seele/contexts/cache/provider.go:296.2,297.38 2 1
github.com/RedHuang-0622/Seele/contexts/cache/provider.go:297.38,299.57 2 1
github.com/RedHuang-0622/Seele/contexts/cache/provider.go:299.57,301.4 1 1
github.com/RedHuang-0622/Seele/contexts/cache/provider.go:302.3,302.14 1 1
github.com/RedHuang-0622/Seele/contexts/cache/provider.go:305.2,305.29 1 1
github.com/RedHuang-0622/Seele/contexts/cache/provider.go:305.29,307.3 1 1
github.com/RedHuang-0622/Seele/contexts/cache/provider.go:309.2,309.22 1 1
github.com/RedHuang-0622/Seele/contexts/cache/provider.go:313.36,315.38 2 1
github.com/RedHuang-0622/Seele/contexts/cache/provider.go:315.38,318.3 2 1
github.com/RedHuang-0622/Seele/contexts/cache/provider.go:320.2,328.14 7 1
github.com/RedHuang-0622/Seele/contexts/cache/provider.go:332.37,334.38 2 1
github.com/RedHuang-0622/Seele/contexts/cache/provider.go:334.38,337.3 2 1
github.com/RedHuang-0622/Seele/contexts/cache/provider.go:338.2,338.13 1 1
github.com/RedHuang-0622/Seele/contexts/cache/provider.go:342.36,345.38 3 1
github.com/RedHuang-0622/Seele/contexts/cache/provider.go:345.38,349.3 3 1
github.com/RedHuang-0622/Seele/contexts/cache/provider.go:350.2,351.16 2 1
github.com/RedHuang-0622/Seele/contexts/cache/provider.go:355.35,357.36 2 1
github.com/RedHuang-0622/Seele/contexts/cache/provider.go:357.36,360.3 2 1
github.com/RedHuang-0622/Seele/contexts/cache/provider.go:362.2,366.15 5 1
github.com/RedHuang-0622/Seele/contexts/cache/provider.go:366.15,368.3 1 1
github.com/RedHuang-0622/Seele/contexts/cache/provider.go:370.2,376.3 1 1
github.com/RedHuang-0622/Seele/contexts/cache/provider.go:382.42,387.16 4 1
github.com/RedHuang-0622/Seele/contexts/cache/provider.go:387.16,388.25 1 0
github.com/RedHuang-0622/Seele/contexts/cache/provider.go:388.25,390.4 1 0
github.com/RedHuang-0622/Seele/contexts/cache/provider.go:391.3,391.13 1 0
github.com/RedHuang-0622/Seele/contexts/cache/provider.go:394.2,394.30 1 1
github.com/RedHuang-0622/Seele/contexts/cache/provider.go:394.30,395.19 1 1
github.com/RedHuang-0622/Seele/contexts/cache/provider.go:395.19,396.12 1 0
github.com/RedHuang-0622/Seele/contexts/cache/provider.go:398.3,403.17 5 1
github.com/RedHuang-0622/Seele/contexts/cache/provider.go:403.17,404.12 1 0
github.com/RedHuang-0622/Seele/contexts/cache/provider.go:406.3,407.57 2 1
github.com/RedHuang-0622/Seele/contexts/cache/provider.go:407.57,408.12 1 0
github.com/RedHuang-0622/Seele/contexts/cache/provider.go:412.3,412.67 1 1
github.com/RedHuang-0622/Seele/contexts/cache/provider.go:412.67,416.12 4 0
github.com/RedHuang-0622/Seele/contexts/cache/provider.go:419.3,425.34 3 1
github.com/RedHuang-0622/Seele/contexts/cache/provider.go:428.2,428.12 1 1
github.com/RedHuang-0622/Seele/contexts/cache/provider.go:432.50,434.2 1 1
github.com/RedHuang-0622/Seele/contexts/cache/provider.go:437.55,439.16 2 1
github.com/RedHuang-0622/Seele/contexts/cache/provider.go:439.16,441.3 1 0
github.com/RedHuang-0622/Seele/contexts/cache/provider.go:442.2,444.40 3 1
github.com/RedHuang-0622/Seele/engine/config.go:13.43,18.2 1 1
github.com/RedHuang-0622/Seele/engine/config.go:21.50,23.21 2 1
github.com/RedHuang-0622/Seele/engine/config.go:23.21,25.3 1 0
github.com/RedHuang-0622/Seele/engine/config.go:26.2,26.31 1 1
github.com/RedHuang-0622/Seele/engine/config.go:26.31,28.3 1 0
github.com/RedHuang-0622/Seele/engine/config.go:29.2,29.10 1 1
github.com/RedHuang-0622/Seele/engine/engine.go:41.50,42.25 1 0
github.com/RedHuang-0622/Seele/engine/engine.go:42.25,42.40 1 0
github.com/RedHuang-0622/Seele/engine/engine.go:44.41,45.25 1 0
github.com/RedHuang-0622/Seele/engine/engine.go:45.25,45.40 1 0
github.com/RedHuang-0622/Seele/engine/engine.go:47.41,48.25 1 0
github.com/RedHuang-0622/Seele/engine/engine.go:48.25,48.40 1 0
github.com/RedHuang-0622/Seele/engine/engine.go:50.41,51.25 1 1
github.com/RedHuang-0622/Seele/engine/engine.go:51.25,51.41 1 1
github.com/RedHuang-0622/Seele/engine/engine.go:53.45,54.25 1 1
github.com/RedHuang-0622/Seele/engine/engine.go:54.25,56.31 2 1
github.com/RedHuang-0622/Seele/engine/engine.go:56.31,57.26 1 0
github.com/RedHuang-0622/Seele/engine/engine.go:57.26,60.5 2 0
github.com/RedHuang-0622/Seele/engine/engine.go:62.3,62.57 1 1
github.com/RedHuang-0622/Seele/engine/engine.go:65.30,66.25 1 0
github.com/RedHuang-0622/Seele/engine/engine.go:66.25,66.39 1 0
github.com/RedHuang-0622/Seele/engine/engine.go:71.41,72.25 1 0
github.com/RedHuang-0622/Seele/engine/engine.go:72.25,72.44 1 0
github.com/RedHuang-0622/Seele/engine/engine.go:76.50,78.42 2 1
github.com/RedHuang-0622/Seele/engine/engine.go:78.42,79.42 1 1
github.com/RedHuang-0622/Seele/engine/engine.go:79.42,81.4 1 1
github.com/RedHuang-0622/Seele/engine/engine.go:84.2,92.27 2 1
github.com/RedHuang-0622/Seele/engine/engine.go:92.27,94.3 1 1
github.com/RedHuang-0622/Seele/engine/engine.go:95.2,97.19 2 1
github.com/RedHuang-0622/Seele/engine/engine.go:97.19,105.56 8 1
github.com/RedHuang-0622/Seele/engine/engine.go:105.56,107.4 1 0
github.com/RedHuang-0622/Seele/engine/engine.go:108.3,108.25 1 1
github.com/RedHuang-0622/Seele/engine/engine.go:108.25,110.4 1 1
github.com/RedHuang-0622/Seele/engine/engine.go:111.3,111.14 1 1
github.com/RedHuang-0622/Seele/engine/engine.go:114.2,114.10 1 1
github.com/RedHuang-0622/Seele/engine/engine.go:118.39,118.57 1 0
github.com/RedHuang-0622/Seele/engine/engine.go:121.44,122.19 1 1
github.com/RedHuang-0622/Seele/engine/engine.go:122.19,124.3 1 1
github.com/RedHuang-0622/Seele/engine/engine.go:125.2,125.12 1 0
github.com/RedHuang-0622/Seele/engine/engine.go:129.33,130.19 1 1
github.com/RedHuang-0622/Seele/engine/engine.go:130.19,132.3 1 1
github.com/RedHuang-0622/Seele/engine/engine.go:136.37,136.59 1 0
github.com/RedHuang-0622/Seele/engine/engine.go:139.41,139.60 1 0
github.com/RedHuang-0622/Seele/engine/engine.go:142.45,142.67 1 1
github.com/RedHuang-0622/Seele/engine/engine.go:145.78,149.2 3 1
github.com/RedHuang-0622/Seele/engine/engine.go:152.106,156.2 3 1
github.com/RedHuang-0622/Seele/engine/engine.go:160.37,162.9 2 0
github.com/RedHuang-0622/Seele/engine/engine.go:162.9,164.3 1 0
github.com/RedHuang-0622/Seele/engine/engine.go:165.2,165.12 1 0
github.com/RedHuang-0622/Seele/engine/engine.go:165.12,167.3 1 0
github.com/RedHuang-0622/Seele/engine/engine.go:168.2,168.21 1 0
github.com/RedHuang-0622/Seele/engine/engine.go:173.49,175.9 2 0
github.com/RedHuang-0622/Seele/engine/engine.go:175.9,177.3 1 0
github.com/RedHuang-0622/Seele/engine/engine.go:178.2,179.31 2 0
github.com/RedHuang-0622/Seele/engine/engine.go:179.31,180.25 1 0
github.com/RedHuang-0622/Seele/engine/engine.go:180.25,183.4 2 0
github.com/RedHuang-0622/Seele/engine/engine.go:185.2,185.58 1 0
github.com/RedHuang-0622/Seele/engine/loop.go:38.96,47.27 2 1
github.com/RedHuang-0622/Seele/engine/loop.go:47.27,49.3 1 0
github.com/RedHuang-0622/Seele/engine/loop.go:50.2,51.11 2 1
github.com/RedHuang-0622/Seele/engine/loop.go:54.42,55.29 1 0
github.com/RedHuang-0622/Seele/engine/loop.go:55.29,55.52 1 0
github.com/RedHuang-0622/Seele/engine/loop.go:57.47,58.29 1 0
github.com/RedHuang-0622/Seele/engine/loop.go:58.29,58.50 1 0
github.com/RedHuang-0622/Seele/engine/loop.go:60.49,61.29 1 0
github.com/RedHuang-0622/Seele/engine/loop.go:61.29,61.52 1 0
github.com/RedHuang-0622/Seele/engine/loop.go:64.114,69.24 4 1
github.com/RedHuang-0622/Seele/engine/loop.go:69.24,71.3 1 1
github.com/RedHuang-0622/Seele/engine/loop.go:72.2,72.15 1 1
github.com/RedHuang-0622/Seele/engine/loop.go:72.15,73.17 1 1
github.com/RedHuang-0622/Seele/engine/loop.go:73.17,75.4 1 0
github.com/RedHuang-0622/Seele/engine/loop.go:75.9,77.4 1 1
github.com/RedHuang-0622/Seele/engine/loop.go:80.2,83.55 3 1
github.com/RedHuang-0622/Seele/engine/loop.go:83.55,85.18 2 0
github.com/RedHuang-0622/Seele/engine/loop.go:85.18,87.4 1 0
github.com/RedHuang-0622/Seele/engine/loop.go:90.2,92.26 2 1
github.com/RedHuang-0622/Seele/engine/loop.go:92.26,95.52 2 1
github.com/RedHuang-0622/Seele/engine/loop.go:95.52,97.4 1 0
github.com/RedHuang-0622/Seele/engine/loop.go:99.3,107.21 3 1
github.com/RedHuang-0622/Seele/engine/loop.go:107.21,109.50 2 0
github.com/RedHuang-0622/Seele/engine/loop.go:109.50,111.5 1 0
github.com/RedHuang-0622/Seele/engine/loop.go:112.4,112.62 1 0
github.com/RedHuang-0622/Seele/engine/loop.go:114.3,116.32 2 1
github.com/RedHuang-0622/Seele/engine/loop.go:116.32,120.4 3 1
github.com/RedHuang-0622/Seele/engine/loop.go:122.3,122.55 1 1
github.com/RedHuang-0622/Seele/engine/loop.go:122.55,124.35 2 0
github.com/RedHuang-0622/Seele/engine/loop.go:124.35,126.5 1 0
github.com/RedHuang-0622/Seele/engine/loop.go:127.4,127.39 1 0
github.com/RedHuang-0622/Seele/engine/loop.go:127.39,129.5 1 0
github.com/RedHuang-0622/Seele/engine/loop.go:130.4,130.37 1 0
github.com/RedHuang-0622/Seele/engine/loop.go:133.3,133.39 1 1
github.com/RedHuang-0622/Seele/engine/loop.go:133.39,134.107 1 1
github.com/RedHuang-0622/Seele/engine/loop.go:134.107,138.5 3 0
github.com/RedHuang-0622/Seele/engine/loop.go:139.4,139.66 1 1
github.com/RedHuang-0622/Seele/engine/loop.go:139.66,142.5 2 0
github.com/RedHuang-0622/Seele/engine/loop.go:143.4,145.37 3 1
github.com/RedHuang-0622/Seele/engine/loop.go:148.3,152.45 4 1
github.com/RedHuang-0622/Seele/engine/loop.go:152.45,153.54 1 1
github.com/RedHuang-0622/Seele/engine/loop.go:153.54,157.5 1 0
github.com/RedHuang-0622/Seele/engine/loop.go:159.4,167.57 5 1
github.com/RedHuang-0622/Seele/engine/loop.go:167.57,172.5 1 0
github.com/RedHuang-0622/Seele/engine/loop.go:174.4,174.19 1 1
github.com/RedHuang-0622/Seele/engine/loop.go:174.19,177.5 2 0
github.com/RedHuang-0622/Seele/engine/loop.go:177.10,180.5 2 1
github.com/RedHuang-0622/Seele/engine/loop.go:182.4,185.6 2 1
github.com/RedHuang-0622/Seele/engine/loop.go:192.48,196.2 3 1
github.com/RedHuang-0622/Seele/engine/loop.go:198.37,200.31 2 1
github.com/RedHuang-0622/Seele/engine/loop.go:200.31,201.25 1 1
github.com/RedHuang-0622/Seele/engine/loop.go:201.25,203.4 1 1
github.com/RedHuang-0622/Seele/engine/loop.go:205.2,205.18 1 1
github.com/RedHuang-0622/Seele/engine/loop.go:208.116,209.20 1 1
github.com/RedHuang-0622/Seele/engine/loop.go:209.20,211.17 2 1
github.com/RedHuang-0622/Seele/engine/loop.go:211.17,213.4 1 0
github.com/RedHuang-0622/Seele/engine/loop.go:214.3,214.25 1 1
github.com/RedHuang-0622/Seele/engine/loop.go:214.25,216.30 2 0
github.com/RedHuang-0622/Seele/engine/loop.go:216.30,218.5 1 0
github.com/RedHuang-0622/Seele/engine/loop.go:219.4,219.19 1 0
github.com/RedHuang-0622/Seele/engine/loop.go:222.3,222.20 1 1
github.com/RedHuang-0622/Seele/engine/loop.go:222.20,224.18 2 0
github.com/RedHuang-0622/Seele/engine/loop.go:224.18,226.5 1 0
github.com/RedHuang-0622/Seele/engine/loop.go:227.4,227.19 1 0
github.com/RedHuang-0622/Seele/engine/loop.go:229.3,230.29 2 1
github.com/RedHuang-0622/Seele/engine/loop.go:230.29,232.4 1 0
github.com/RedHuang-0622/Seele/engine/loop.go:233.3,234.14 2 1
github.com/RedHuang-0622/Seele/engine/loop.go:234.14,236.4 1 0
github.com/RedHuang-0622/Seele/engine/loop.go:237.3,238.18 2 1
github.com/RedHuang-0622/Seele/engine/loop.go:240.2,241.16 2 1
github.com/RedHuang-0622/Seele/engine/loop.go:241.16,243.3 1 0
github.com/RedHuang-0622/Seele/engine/loop.go:244.2,244.17 1 1
github.com/RedHuang-0622/Seele/engine/loop.go:247.41,248.24 1 1
github.com/RedHuang-0622/Seele/engine/loop.go:248.24,250.3 1 0
github.com/RedHuang-0622/Seele/engine/loop.go:251.2,251.21 1 1
github.com/RedHuang-0622/Seele/engine/loop.go:251.21,253.22 2 0
github.com/RedHuang-0622/Seele/engine/loop.go:253.22,255.82 2 0
github.com/RedHuang-0622/Seele/engine/loop.go:255.82,258.5 2 0
github.com/RedHuang-0622/Seele/engine/loop.go:261.2,261.21 1 1
github.com/RedHuang-0622/Seele/engine/loop.go:261.21,263.36 2 0
github.com/RedHuang-0622/Seele/engine/loop.go:263.36,265.4 1 0
github.com/RedHuang-0622/Seele/engine/loop.go:269.36,270.48 1 1
github.com/RedHuang-0622/Seele/engine/loop.go:270.48,272.3 1 0
github.com/RedHuang-0622/Seele/engine/loop.go:273.2,273.21 1 1
github.com/RedHuang-0622/Seele/engine/loop.go:273.21,275.17 2 0
github.com/RedHuang-0622/Seele/engine/loop.go:275.17,277.4 1 0
github.com/RedHuang-0622/Seele/engine/loop.go:279.2,279.21 1 1
github.com/RedHuang-0622/Seele/engine/loop.go:279.21,281.3 1 0
github.com/RedHuang-0622/Seele/engine/loop.go:284.58,285.30 1 1
github.com/RedHuang-0622/Seele/engine/loop.go:285.30,287.3 1 1
github.com/RedHuang-0622/Seele/engine/loop.go:288.2,288.48 1 0
github.com/RedHuang-0622/Seele/engine/loop.go:291.35,292.18 1 1
github.com/RedHuang-0622/Seele/engine/loop.go:292.18,294.3 1 0
github.com/RedHuang-0622/Seele/engine/loop.go:295.2,295.10 1 1
